{"/Users/iamsergio/Desktop/GaelCraves/GaelCraves_Frontend/app/_layout.tsx": {"path":"/Users/iamsergio/Desktop/GaelCraves/GaelCraves_Frontend/app/_layout.tsx","statementMap":{"0":{"start":{"line":11,"column":33},"end":{"line":13,"column":1}},"1":{"start":{"line":16,"column":22},"end":{"line":16,"column":38}},"2":{"start":{"line":18,"column":2},"end":{"line":31,"column":4}}},"fnMap":{"0":{"name":"RootLayout","decl":{"start":{"line":15,"column":24},"end":{"line":15,"column":34}},"loc":{"start":{"line":15,"column":37},"end":{"line":32,"column":1}},"line":15}},"branchMap":{"0":{"loc":{"start":{"line":21,"column":30},"end":{"line":21,"column":79}},"type":"cond-expr","locations":[{"start":{"line":21,"column":55},"end":{"line":21,"column":64}},{"start":{"line":21,"column":67},"end":{"line":21,"column":79}}],"line":21}},"s":{"0":0,"1":0,"2":0},"f":{"0":0},"b":{"0":[0,0]}}
,"/Users/iamsergio/Desktop/GaelCraves/GaelCraves_Frontend/app/admin.tsx": {"path":"/Users/iamsergio/Desktop/GaelCraves/GaelCraves_Frontend/app/admin.tsx","statementMap":{"0":{"start":{"line":20,"column":11},"end":{"line":20,"column":20}},"1":{"start":{"line":21,"column":14},"end":{"line":21,"column":23}},"2":{"start":{"line":22,"column":14},"end":{"line":22,"column":23}},"3":{"start":{"line":23,"column":13},"end":{"line":23,"column":37}},"4":{"start":{"line":24,"column":14},"end":{"line":24,"column":38}},"5":{"start":{"line":25,"column":15},"end":{"line":25,"column":39}},"6":{"start":{"line":28,"column":22},"end":{"line":28,"column":39}},"7":{"start":{"line":29,"column":17},"end":{"line":29,"column":28}},"8":{"start":{"line":30,"column":34},"end":{"line":30,"column":49}},"9":{"start":{"line":31,"column":28},"end":{"line":36,"column":4}},"10":{"start":{"line":37,"column":30},"end":{"line":37,"column":42}},"11":{"start":{"line":38,"column":32},"end":{"line":38,"column":46}},"12":{"start":{"line":40,"column":2},"end":{"line":46,"column":16}},"13":{"start":{"line":41,"column":4},"end":{"line":44,"column":5}},"14":{"start":{"line":42,"column":6},"end":{"line":42,"column":32}},"15":{"start":{"line":43,"column":6},"end":{"line":43,"column":13}},"16":{"start":{"line":45,"column":4},"end":{"line":45,"column":15}},"17":{"start":{"line":48,"column":19},"end":{"line":62,"column":3}},"18":{"start":{"line":49,"column":4},"end":{"line":61,"column":5}},"19":{"start":{"line":50,"column":6},"end":{"line":50,"column":23}},"20":{"start":{"line":51,"column":38},"end":{"line":54,"column":8}},"21":{"start":{"line":55,"column":6},"end":{"line":55,"column":28}},"22":{"start":{"line":56,"column":6},"end":{"line":56,"column":26}},"23":{"start":{"line":58,"column":6},"end":{"line":58,"column":57}},"24":{"start":{"line":60,"column":6},"end":{"line":60,"column":24}},"25":{"start":{"line":64,"column":29},"end":{"line":71,"column":3}},"26":{"start":{"line":65,"column":4},"end":{"line":70,"column":5}},"27":{"start":{"line":66,"column":6},"end":{"line":66,"column":47}},"28":{"start":{"line":67,"column":6},"end":{"line":67,"column":23}},"29":{"start":{"line":69,"column":6},"end":{"line":69,"column":54}},"30":{"start":{"line":73,"column":25},"end":{"line":76,"column":3}},"31":{"start":{"line":74,"column":4},"end":{"line":74,"column":23}},"32":{"start":{"line":75,"column":4},"end":{"line":75,"column":22}},"33":{"start":{"line":78,"column":2},"end":{"line":94,"column":3}},"34":{"start":{"line":79,"column":4},"end":{"line":93,"column":6}},"35":{"start":{"line":96,"column":2},"end":{"line":427,"column":4}},"36":{"start":{"line":105,"column":25},"end":{"line":105,"column":47}},"37":{"start":{"line":116,"column":25},"end":{"line":116,"column":43}},"38":{"start":{"line":122,"column":31},"end":{"line":122,"column":56}},"39":{"start":{"line":130,"column":31},"end":{"line":130,"column":55}},"40":{"start":{"line":140,"column":31},"end":{"line":140,"column":64}},"41":{"start":{"line":150,"column":31},"end":{"line":150,"column":64}},"42":{"start":{"line":198,"column":36},"end":{"line":201,"column":13}},"43":{"start":{"line":204,"column":14},"end":{"line":209,"column":15}},"44":{"start":{"line":206,"column":16},"end":{"line":206,"column":97}},"45":{"start":{"line":208,"column":16},"end":{"line":208,"column":91}},"46":{"start":{"line":229,"column":36},"end":{"line":232,"column":13}},"47":{"start":{"line":233,"column":27},"end":{"line":233,"column":56}},"48":{"start":{"line":250,"column":36},"end":{"line":253,"column":13}},"49":{"start":{"line":254,"column":27},"end":{"line":254,"column":57}},"50":{"start":{"line":300,"column":18},"end":{"line":399,"column":25}},"51":{"start":{"line":340,"column":28},"end":{"line":340,"column":74}},"52":{"start":{"line":349,"column":28},"end":{"line":349,"column":74}},"53":{"start":{"line":363,"column":28},"end":{"line":363,"column":74}},"54":{"start":{"line":377,"column":28},"end":{"line":377,"column":70}},"55":{"start":{"line":391,"column":28},"end":{"line":391,"column":74}},"56":{"start":{"line":416,"column":34},"end":{"line":419,"column":11}},"57":{"start":{"line":420,"column":25},"end":{"line":420,"column":50}},"58":{"start":{"line":431,"column":2},"end":{"line":446,"column":3}},"59":{"start":{"line":433,"column":6},"end":{"line":433,"column":23}},"60":{"start":{"line":435,"column":6},"end":{"line":435,"column":23}},"61":{"start":{"line":437,"column":6},"end":{"line":437,"column":23}},"62":{"start":{"line":439,"column":6},"end":{"line":439,"column":23}},"63":{"start":{"line":441,"column":6},"end":{"line":441,"column":23}},"64":{"start":{"line":443,"column":6},"end":{"line":443,"column":23}},"65":{"start":{"line":445,"column":6},"end":{"line":445,"column":19}},"66":{"start":{"line":449,"column":15},"end":{"line":735,"column":2}}},"fnMap":{"0":{"name":"AdminScreen","decl":{"start":{"line":27,"column":24},"end":{"line":27,"column":35}},"loc":{"start":{"line":27,"column":38},"end":{"line":428,"column":1}},"line":27},"1":{"name":"(anonymous_1)","decl":{"start":{"line":40,"column":12},"end":{"line":40,"column":13}},"loc":{"start":{"line":40,"column":18},"end":{"line":46,"column":3}},"line":40},"2":{"name":"(anonymous_2)","decl":{"start":{"line":48,"column":19},"end":{"line":48,"column":20}},"loc":{"start":{"line":48,"column":31},"end":{"line":62,"column":3}},"line":48},"3":{"name":"(anonymous_3)","decl":{"start":{"line":64,"column":29},"end":{"line":64,"column":30}},"loc":{"start":{"line":64,"column":72},"end":{"line":71,"column":3}},"line":64},"4":{"name":"(anonymous_4)","decl":{"start":{"line":73,"column":25},"end":{"line":73,"column":26}},"loc":{"start":{"line":73,"column":43},"end":{"line":76,"column":3}},"line":73},"5":{"name":"(anonymous_5)","decl":{"start":{"line":105,"column":19},"end":{"line":105,"column":20}},"loc":{"start":{"line":105,"column":25},"end":{"line":105,"column":47}},"line":105},"6":{"name":"(anonymous_6)","decl":{"start":{"line":116,"column":19},"end":{"line":116,"column":20}},"loc":{"start":{"line":116,"column":25},"end":{"line":116,"column":43}},"line":116},"7":{"name":"(anonymous_7)","decl":{"start":{"line":122,"column":25},"end":{"line":122,"column":26}},"loc":{"start":{"line":122,"column":31},"end":{"line":122,"column":56}},"line":122},"8":{"name":"(anonymous_8)","decl":{"start":{"line":130,"column":25},"end":{"line":130,"column":26}},"loc":{"start":{"line":130,"column":31},"end":{"line":130,"column":55}},"line":130},"9":{"name":"(anonymous_9)","decl":{"start":{"line":140,"column":25},"end":{"line":140,"column":26}},"loc":{"start":{"line":140,"column":31},"end":{"line":140,"column":64}},"line":140},"10":{"name":"(anonymous_10)","decl":{"start":{"line":150,"column":25},"end":{"line":150,"column":26}},"loc":{"start":{"line":150,"column":31},"end":{"line":150,"column":64}},"line":150},"11":{"name":"(anonymous_11)","decl":{"start":{"line":198,"column":19},"end":{"line":198,"column":20}},"loc":{"start":{"line":198,"column":36},"end":{"line":201,"column":13}},"line":198},"12":{"name":"(anonymous_12)","decl":{"start":{"line":202,"column":21},"end":{"line":202,"column":22}},"loc":{"start":{"line":202,"column":27},"end":{"line":210,"column":13}},"line":202},"13":{"name":"(anonymous_13)","decl":{"start":{"line":229,"column":19},"end":{"line":229,"column":20}},"loc":{"start":{"line":229,"column":36},"end":{"line":232,"column":13}},"line":229},"14":{"name":"(anonymous_14)","decl":{"start":{"line":233,"column":21},"end":{"line":233,"column":22}},"loc":{"start":{"line":233,"column":27},"end":{"line":233,"column":56}},"line":233},"15":{"name":"(anonymous_15)","decl":{"start":{"line":250,"column":19},"end":{"line":250,"column":20}},"loc":{"start":{"line":250,"column":36},"end":{"line":253,"column":13}},"line":250},"16":{"name":"(anonymous_16)","decl":{"start":{"line":254,"column":21},"end":{"line":254,"column":22}},"loc":{"start":{"line":254,"column":27},"end":{"line":254,"column":57}},"line":254},"17":{"name":"(anonymous_17)","decl":{"start":{"line":299,"column":41},"end":{"line":299,"column":42}},"loc":{"start":{"line":300,"column":18},"end":{"line":399,"column":25}},"line":300},"18":{"name":"(anonymous_18)","decl":{"start":{"line":339,"column":35},"end":{"line":339,"column":36}},"loc":{"start":{"line":340,"column":28},"end":{"line":340,"column":74}},"line":340},"19":{"name":"(anonymous_19)","decl":{"start":{"line":348,"column":35},"end":{"line":348,"column":36}},"loc":{"start":{"line":349,"column":28},"end":{"line":349,"column":74}},"line":349},"20":{"name":"(anonymous_20)","decl":{"start":{"line":362,"column":35},"end":{"line":362,"column":36}},"loc":{"start":{"line":363,"column":28},"end":{"line":363,"column":74}},"line":363},"21":{"name":"(anonymous_21)","decl":{"start":{"line":376,"column":35},"end":{"line":376,"column":36}},"loc":{"start":{"line":377,"column":28},"end":{"line":377,"column":70}},"line":377},"22":{"name":"(anonymous_22)","decl":{"start":{"line":390,"column":35},"end":{"line":390,"column":36}},"loc":{"start":{"line":391,"column":28},"end":{"line":391,"column":74}},"line":391},"23":{"name":"(anonymous_23)","decl":{"start":{"line":416,"column":17},"end":{"line":416,"column":18}},"loc":{"start":{"line":416,"column":34},"end":{"line":419,"column":11}},"line":416},"24":{"name":"(anonymous_24)","decl":{"start":{"line":420,"column":19},"end":{"line":420,"column":20}},"loc":{"start":{"line":420,"column":25},"end":{"line":420,"column":50}},"line":420},"25":{"name":"getStatusColor","decl":{"start":{"line":430,"column":9},"end":{"line":430,"column":23}},"loc":{"start":{"line":430,"column":40},"end":{"line":447,"column":1}},"line":430}},"branchMap":{"0":{"loc":{"start":{"line":41,"column":4},"end":{"line":44,"column":5}},"type":"if","locations":[{"start":{"line":41,"column":4},"end":{"line":44,"column":5}},{"start":{},"end":{}}],"line":41},"1":{"loc":{"start":{"line":78,"column":2},"end":{"line":94,"column":3}},"type":"if","locations":[{"start":{"line":78,"column":2},"end":{"line":94,"column":3}},{"start":{},"end":{}}],"line":78},"2":{"loc":{"start":{"line":113,"column":7},"end":{"line":158,"column":7}},"type":"binary-expr","locations":[{"start":{"line":113,"column":7},"end":{"line":113,"column":15}},{"start":{"line":114,"column":8},"end":{"line":157,"column":20}}],"line":113},"3":{"loc":{"start":{"line":200,"column":14},"end":{"line":200,"column":43}},"type":"binary-expr","locations":[{"start":{"line":200,"column":14},"end":{"line":200,"column":21}},{"start":{"line":200,"column":25},"end":{"line":200,"column":43}}],"line":200},"4":{"loc":{"start":{"line":204,"column":14},"end":{"line":209,"column":15}},"type":"if","locations":[{"start":{"line":204,"column":14},"end":{"line":209,"column":15}},{"start":{"line":207,"column":21},"end":{"line":209,"column":15}}],"line":204},"5":{"loc":{"start":{"line":219,"column":19},"end":{"line":221,"column":81}},"type":"cond-expr","locations":[{"start":{"line":220,"column":22},"end":{"line":220,"column":85}},{"start":{"line":221,"column":22},"end":{"line":221,"column":81}}],"line":219},"6":{"loc":{"start":{"line":231,"column":14},"end":{"line":231,"column":43}},"type":"binary-expr","locations":[{"start":{"line":231,"column":14},"end":{"line":231,"column":21}},{"start":{"line":231,"column":25},"end":{"line":231,"column":43}}],"line":231},"7":{"loc":{"start":{"line":252,"column":14},"end":{"line":252,"column":43}},"type":"binary-expr","locations":[{"start":{"line":252,"column":14},"end":{"line":252,"column":21}},{"start":{"line":252,"column":25},"end":{"line":252,"column":43}}],"line":252},"8":{"loc":{"start":{"line":272,"column":9},"end":{"line":412,"column":9}},"type":"cond-expr","locations":[{"start":{"line":273,"column":10},"end":{"line":277,"column":12}},{"start":{"line":279,"column":10},"end":{"line":411,"column":17}}],"line":272},"9":{"loc":{"start":{"line":282,"column":15},"end":{"line":286,"column":15}},"type":"binary-expr","locations":[{"start":{"line":282,"column":15},"end":{"line":282,"column":32}},{"start":{"line":283,"column":16},"end":{"line":285,"column":23}}],"line":282},"10":{"loc":{"start":{"line":289,"column":13},"end":{"line":410,"column":13}},"type":"cond-expr","locations":[{"start":{"line":290,"column":14},"end":{"line":296,"column":21}},{"start":{"line":298,"column":14},"end":{"line":409,"column":17}}],"line":289},"11":{"loc":{"start":{"line":304,"column":25},"end":{"line":306,"column":25}},"type":"binary-expr","locations":[{"start":{"line":304,"column":25},"end":{"line":304,"column":37}},{"start":{"line":305,"column":26},"end":{"line":305,"column":87}}],"line":304},"12":{"loc":{"start":{"line":329,"column":28},"end":{"line":329,"column":66}},"type":"binary-expr","locations":[{"start":{"line":329,"column":28},"end":{"line":329,"column":56}},{"start":{"line":329,"column":60},"end":{"line":329,"column":66}}],"line":329},"13":{"loc":{"start":{"line":335,"column":21},"end":{"line":356,"column":21}},"type":"binary-expr","locations":[{"start":{"line":335,"column":21},"end":{"line":335,"column":47}},{"start":{"line":336,"column":22},"end":{"line":355,"column":29}}],"line":335},"14":{"loc":{"start":{"line":358,"column":21},"end":{"line":370,"column":21}},"type":"binary-expr","locations":[{"start":{"line":358,"column":21},"end":{"line":358,"column":49}},{"start":{"line":359,"column":22},"end":{"line":369,"column":29}}],"line":358},"15":{"loc":{"start":{"line":372,"column":21},"end":{"line":384,"column":21}},"type":"binary-expr","locations":[{"start":{"line":372,"column":21},"end":{"line":372,"column":49}},{"start":{"line":373,"column":22},"end":{"line":383,"column":29}}],"line":372},"16":{"loc":{"start":{"line":386,"column":21},"end":{"line":398,"column":21}},"type":"binary-expr","locations":[{"start":{"line":386,"column":21},"end":{"line":386,"column":45}},{"start":{"line":387,"column":22},"end":{"line":397,"column":29}}],"line":386},"17":{"loc":{"start":{"line":402,"column":17},"end":{"line":408,"column":17}},"type":"binary-expr","locations":[{"start":{"line":402,"column":17},"end":{"line":402,"column":35}},{"start":{"line":403,"column":18},"end":{"line":407,"column":25}}],"line":402},"18":{"loc":{"start":{"line":418,"column":12},"end":{"line":418,"column":39}},"type":"binary-expr","locations":[{"start":{"line":418,"column":12},"end":{"line":418,"column":19}},{"start":{"line":418,"column":23},"end":{"line":418,"column":39}}],"line":418},"19":{"loc":{"start":{"line":431,"column":2},"end":{"line":446,"column":3}},"type":"switch","locations":[{"start":{"line":432,"column":4},"end":{"line":433,"column":23}},{"start":{"line":434,"column":4},"end":{"line":435,"column":23}},{"start":{"line":436,"column":4},"end":{"line":437,"column":23}},{"start":{"line":438,"column":4},"end":{"line":439,"column":23}},{"start":{"line":440,"column":4},"end":{"line":441,"column":23}},{"start":{"line":442,"column":4},"end":{"line":443,"column":23}},{"start":{"line":444,"column":4},"end":{"line":445,"column":19}}],"line":431}},"s":{"0":0,"1":0,"2":0,"3":0,"4":0,"5":0,"6":0,"7":0,"8":0,"9":0,"10":0,"11":0,"12":0,"13":0,"14":0,"15":0,"16":0,"17":0,"18":0,"19":0,"20":0,"21":0,"22":0,"23":0,"24":0,"25":0,"26":0,"27":0,"28":0,"29":0,"30":0,"31":0,"32":0,"33":0,"34":0,"35":0,"36":0,"37":0,"38":0,"39":0,"40":0,"41":0,"42":0,"43":0,"44":0,"45":0,"46":0,"47":0,"48":0,"49":0,"50":0,"51":0,"52":0,"53":0,"54":0,"55":0,"56":0,"57":0,"58":0,"59":0,"60":0,"61":0,"62":0,"63":0,"64":0,"65":0,"66":0},"f":{"0":0,"1":0,"2":0,"3":0,"4":0,"5":0,"6":0,"7":0,"8":0,"9":0,"10":0,"11":0,"12":0,"13":0,"14":0,"15":0,"16":0,"17":0,"18":0,"19":0,"20":0,"21":0,"22":0,"23":0,"24":0,"25":0},"b":{"0":[0,0],"1":[0,0],"2":[0,0],"3":[0,0],"4":[0,0],"5":[0,0],"6":[0,0],"7":[0,0],"8":[0,0],"9":[0,0],"10":[0,0],"11":[0,0],"12":[0,0],"13":[0,0],"14":[0,0],"15":[0,0],"16":[0,0],"17":[0,0],"18":[0,0],"19":[0,0,0,0,0,0,0]}}
,"/Users/iamsergio/Desktop/GaelCraves/GaelCraves_Frontend/app/admin_menu.tsx": {"path":"/Users/iamsergio/Desktop/GaelCraves/GaelCraves_Frontend/app/admin_menu.tsx","statementMap":{"0":{"start":{"line":18,"column":11},"end":{"line":18,"column":20}},"1":{"start":{"line":19,"column":14},"end":{"line":19,"column":23}},"2":{"start":{"line":20,"column":14},"end":{"line":20,"column":23}},"3":{"start":{"line":21,"column":13},"end":{"line":21,"column":37}},"4":{"start":{"line":22,"column":14},"end":{"line":22,"column":38}},"5":{"start":{"line":23,"column":15},"end":{"line":23,"column":39}},"6":{"start":{"line":26,"column":22},"end":{"line":26,"column":39}},"7":{"start":{"line":27,"column":17},"end":{"line":27,"column":28}},"8":{"start":{"line":28,"column":28},"end":{"line":28,"column":48}},"9":{"start":{"line":29,"column":36},"end":{"line":29,"column":60}},"10":{"start":{"line":30,"column":32},"end":{"line":30,"column":46}},"11":{"start":{"line":31,"column":28},"end":{"line":31,"column":57}},"12":{"start":{"line":32,"column":34},"end":{"line":32,"column":70}},"13":{"start":{"line":34,"column":2},"end":{"line":40,"column":16}},"14":{"start":{"line":35,"column":4},"end":{"line":38,"column":5}},"15":{"start":{"line":36,"column":6},"end":{"line":36,"column":32}},"16":{"start":{"line":37,"column":6},"end":{"line":37,"column":13}},"17":{"start":{"line":39,"column":4},"end":{"line":39,"column":16}},"18":{"start":{"line":42,"column":20},"end":{"line":67,"column":3}},"19":{"start":{"line":43,"column":4},"end":{"line":66,"column":5}},"20":{"start":{"line":44,"column":6},"end":{"line":44,"column":23}},"21":{"start":{"line":45,"column":6},"end":{"line":45,"column":21}},"22":{"start":{"line":47,"column":37},"end":{"line":50,"column":8}},"23":{"start":{"line":52,"column":6},"end":{"line":52,"column":26}},"24":{"start":{"line":53,"column":6},"end":{"line":53,"column":30}},"25":{"start":{"line":55,"column":6},"end":{"line":59,"column":7}},"26":{"start":{"line":56,"column":8},"end":{"line":58,"column":10}},"27":{"start":{"line":61,"column":6},"end":{"line":61,"column":54}},"28":{"start":{"line":62,"column":6},"end":{"line":62,"column":80}},"29":{"start":{"line":63,"column":6},"end":{"line":63,"column":74}},"30":{"start":{"line":65,"column":6},"end":{"line":65,"column":24}},"31":{"start":{"line":69,"column":2},"end":{"line":71,"column":3}},"32":{"start":{"line":70,"column":4},"end":{"line":70,"column":16}},"33":{"start":{"line":73,"column":2},"end":{"line":240,"column":4}},"34":{"start":{"line":77,"column":34},"end":{"line":77,"column":47}},"35":{"start":{"line":96,"column":25},"end":{"line":96,"column":45}},"36":{"start":{"line":112,"column":25},"end":{"line":112,"column":45}},"37":{"start":{"line":157,"column":16},"end":{"line":204,"column":23}},"38":{"start":{"line":217,"column":16},"end":{"line":233,"column":23}},"39":{"start":{"line":243,"column":15},"end":{"line":468,"column":2}}},"fnMap":{"0":{"name":"AdminMenuScreen","decl":{"start":{"line":25,"column":24},"end":{"line":25,"column":39}},"loc":{"start":{"line":25,"column":42},"end":{"line":241,"column":1}},"line":25},"1":{"name":"(anonymous_1)","decl":{"start":{"line":34,"column":12},"end":{"line":34,"column":13}},"loc":{"start":{"line":34,"column":18},"end":{"line":40,"column":3}},"line":34},"2":{"name":"(anonymous_2)","decl":{"start":{"line":42,"column":20},"end":{"line":42,"column":21}},"loc":{"start":{"line":42,"column":32},"end":{"line":67,"column":3}},"line":42},"3":{"name":"(anonymous_3)","decl":{"start":{"line":77,"column":28},"end":{"line":77,"column":29}},"loc":{"start":{"line":77,"column":34},"end":{"line":77,"column":47}},"line":77},"4":{"name":"(anonymous_4)","decl":{"start":{"line":96,"column":19},"end":{"line":96,"column":20}},"loc":{"start":{"line":96,"column":25},"end":{"line":96,"column":45}},"line":96},"5":{"name":"(anonymous_5)","decl":{"start":{"line":112,"column":19},"end":{"line":112,"column":20}},"loc":{"start":{"line":112,"column":25},"end":{"line":112,"column":45}},"line":112},"6":{"name":"(anonymous_6)","decl":{"start":{"line":156,"column":29},"end":{"line":156,"column":30}},"loc":{"start":{"line":157,"column":16},"end":{"line":204,"column":23}},"line":157},"7":{"name":"(anonymous_7)","decl":{"start":{"line":216,"column":25},"end":{"line":216,"column":26}},"loc":{"start":{"line":217,"column":16},"end":{"line":233,"column":23}},"line":217}},"branchMap":{"0":{"loc":{"start":{"line":35,"column":4},"end":{"line":38,"column":5}},"type":"if","locations":[{"start":{"line":35,"column":4},"end":{"line":38,"column":5}},{"start":{},"end":{}}],"line":35},"1":{"loc":{"start":{"line":55,"column":6},"end":{"line":59,"column":7}},"type":"if","locations":[{"start":{"line":55,"column":6},"end":{"line":59,"column":7}},{"start":{},"end":{}}],"line":55},"2":{"loc":{"start":{"line":55,"column":10},"end":{"line":55,"column":58}},"type":"binary-expr","locations":[{"start":{"line":55,"column":10},"end":{"line":55,"column":32}},{"start":{"line":55,"column":36},"end":{"line":55,"column":58}}],"line":55},"3":{"loc":{"start":{"line":62,"column":15},"end":{"line":62,"column":78}},"type":"cond-expr","locations":[{"start":{"line":62,"column":38},"end":{"line":62,"column":49}},{"start":{"line":62,"column":52},"end":{"line":62,"column":78}}],"line":62},"4":{"loc":{"start":{"line":69,"column":2},"end":{"line":71,"column":3}},"type":"if","locations":[{"start":{"line":69,"column":2},"end":{"line":71,"column":3}},{"start":{},"end":{}}],"line":69},"5":{"loc":{"start":{"line":83,"column":13},"end":{"line":85,"column":48}},"type":"cond-expr","locations":[{"start":{"line":84,"column":16},"end":{"line":84,"column":39}},{"start":{"line":85,"column":16},"end":{"line":85,"column":48}}],"line":83},"6":{"loc":{"start":{"line":99,"column":12},"end":{"line":99,"column":61}},"type":"binary-expr","locations":[{"start":{"line":99,"column":12},"end":{"line":99,"column":32}},{"start":{"line":99,"column":36},"end":{"line":99,"column":61}}],"line":99},"7":{"loc":{"start":{"line":105,"column":14},"end":{"line":105,"column":67}},"type":"binary-expr","locations":[{"start":{"line":105,"column":14},"end":{"line":105,"column":34}},{"start":{"line":105,"column":38},"end":{"line":105,"column":67}}],"line":105},"8":{"loc":{"start":{"line":115,"column":12},"end":{"line":115,"column":61}},"type":"binary-expr","locations":[{"start":{"line":115,"column":12},"end":{"line":115,"column":32}},{"start":{"line":115,"column":36},"end":{"line":115,"column":61}}],"line":115},"9":{"loc":{"start":{"line":121,"column":14},"end":{"line":121,"column":67}},"type":"binary-expr","locations":[{"start":{"line":121,"column":14},"end":{"line":121,"column":34}},{"start":{"line":121,"column":38},"end":{"line":121,"column":67}}],"line":121},"10":{"loc":{"start":{"line":135,"column":9},"end":{"line":237,"column":9}},"type":"cond-expr","locations":[{"start":{"line":136,"column":10},"end":{"line":139,"column":17}},{"start":{"line":140,"column":12},"end":{"line":237,"column":9}}],"line":135},"11":{"loc":{"start":{"line":140,"column":12},"end":{"line":237,"column":9}},"type":"cond-expr","locations":[{"start":{"line":141,"column":10},"end":{"line":147,"column":17}},{"start":{"line":148,"column":12},"end":{"line":237,"column":9}}],"line":140},"12":{"loc":{"start":{"line":148,"column":12},"end":{"line":237,"column":9}},"type":"cond-expr","locations":[{"start":{"line":149,"column":10},"end":{"line":207,"column":11}},{"start":{"line":209,"column":10},"end":{"line":236,"column":11}}],"line":148},"13":{"loc":{"start":{"line":149,"column":10},"end":{"line":207,"column":11}},"type":"cond-expr","locations":[{"start":{"line":150,"column":12},"end":{"line":153,"column":19}},{"start":{"line":155,"column":12},"end":{"line":206,"column":19}}],"line":149},"14":{"loc":{"start":{"line":158,"column":19},"end":{"line":168,"column":19}},"type":"cond-expr","locations":[{"start":{"line":159,"column":20},"end":{"line":163,"column":22}},{"start":{"line":165,"column":20},"end":{"line":167,"column":27}}],"line":158},"15":{"loc":{"start":{"line":175,"column":26},"end":{"line":175,"column":68}},"type":"binary-expr","locations":[{"start":{"line":175,"column":26},"end":{"line":175,"column":41}},{"start":{"line":175,"column":45},"end":{"line":175,"column":68}}],"line":175},"16":{"loc":{"start":{"line":181,"column":28},"end":{"line":181,"column":69}},"type":"binary-expr","locations":[{"start":{"line":181,"column":28},"end":{"line":181,"column":43}},{"start":{"line":181,"column":47},"end":{"line":181,"column":69}}],"line":181},"17":{"loc":{"start":{"line":184,"column":27},"end":{"line":184,"column":71}},"type":"cond-expr","locations":[{"start":{"line":184,"column":44},"end":{"line":184,"column":55}},{"start":{"line":184,"column":58},"end":{"line":184,"column":71}}],"line":184},"18":{"loc":{"start":{"line":188,"column":21},"end":{"line":192,"column":21}},"type":"binary-expr","locations":[{"start":{"line":188,"column":21},"end":{"line":188,"column":37}},{"start":{"line":189,"column":22},"end":{"line":191,"column":29}}],"line":188},"19":{"loc":{"start":{"line":197,"column":23},"end":{"line":201,"column":23}},"type":"binary-expr","locations":[{"start":{"line":197,"column":23},"end":{"line":197,"column":36}},{"start":{"line":198,"column":24},"end":{"line":200,"column":31}}],"line":197},"20":{"loc":{"start":{"line":209,"column":10},"end":{"line":236,"column":11}},"type":"cond-expr","locations":[{"start":{"line":210,"column":12},"end":{"line":213,"column":19}},{"start":{"line":215,"column":12},"end":{"line":235,"column":19}}],"line":209},"21":{"loc":{"start":{"line":223,"column":21},"end":{"line":225,"column":21}},"type":"binary-expr","locations":[{"start":{"line":223,"column":21},"end":{"line":223,"column":37}},{"start":{"line":224,"column":22},"end":{"line":224,"column":84}}],"line":223},"22":{"loc":{"start":{"line":226,"column":21},"end":{"line":230,"column":21}},"type":"binary-expr","locations":[{"start":{"line":226,"column":21},"end":{"line":226,"column":35}},{"start":{"line":226,"column":39},"end":{"line":226,"column":64}},{"start":{"line":227,"column":22},"end":{"line":229,"column":29}}],"line":226}},"s":{"0":0,"1":0,"2":0,"3":0,"4":0,"5":0,"6":0,"7":0,"8":0,"9":0,"10":0,"11":0,"12":0,"13":0,"14":0,"15":0,"16":0,"17":0,"18":0,"19":0,"20":0,"21":0,"22":0,"23":0,"24":0,"25":0,"26":0,"27":0,"28":0,"29":0,"30":0,"31":0,"32":0,"33":0,"34":0,"35":0,"36":0,"37":0,"38":0,"39":0},"f":{"0":0,"1":0,"2":0,"3":0,"4":0,"5":0,"6":0,"7":0},"b":{"0":[0,0],"1":[0,0],"2":[0,0],"3":[0,0],"4":[0,0],"5":[0,0],"6":[0,0],"7":[0,0],"8":[0,0],"9":[0,0],"10":[0,0],"11":[0,0],"12":[0,0],"13":[0,0],"14":[0,0],"15":[0,0],"16":[0,0],"17":[0,0],"18":[0,0],"19":[0,0],"20":[0,0],"21":[0,0],"22":[0,0,0]}}
,"/Users/iamsergio/Desktop/GaelCraves/GaelCraves_Frontend/app/admin_users.tsx": {"path":"/Users/iamsergio/Desktop/GaelCraves/GaelCraves_Frontend/app/admin_users.tsx","statementMap":{"0":{"start":{"line":17,"column":11},"end":{"line":17,"column":20}},"1":{"start":{"line":18,"column":14},"end":{"line":18,"column":23}},"2":{"start":{"line":19,"column":14},"end":{"line":19,"column":23}},"3":{"start":{"line":20,"column":13},"end":{"line":20,"column":37}},"4":{"start":{"line":21,"column":14},"end":{"line":21,"column":38}},"5":{"start":{"line":22,"column":15},"end":{"line":22,"column":39}},"6":{"start":{"line":25,"column":22},"end":{"line":25,"column":39}},"7":{"start":{"line":26,"column":17},"end":{"line":26,"column":28}},"8":{"start":{"line":27,"column":28},"end":{"line":27,"column":48}},"9":{"start":{"line":28,"column":32},"end":{"line":28,"column":46}},"10":{"start":{"line":29,"column":28},"end":{"line":29,"column":57}},"11":{"start":{"line":31,"column":2},"end":{"line":37,"column":16}},"12":{"start":{"line":32,"column":4},"end":{"line":35,"column":5}},"13":{"start":{"line":33,"column":6},"end":{"line":33,"column":32}},"14":{"start":{"line":34,"column":6},"end":{"line":34,"column":13}},"15":{"start":{"line":36,"column":4},"end":{"line":36,"column":17}},"16":{"start":{"line":39,"column":21},"end":{"line":52,"column":3}},"17":{"start":{"line":40,"column":4},"end":{"line":51,"column":5}},"18":{"start":{"line":41,"column":6},"end":{"line":41,"column":23}},"19":{"start":{"line":42,"column":6},"end":{"line":42,"column":21}},"20":{"start":{"line":43,"column":15},"end":{"line":43,"column":34}},"21":{"start":{"line":44,"column":2},"end":{"line":44,"column":17}},"22":{"start":{"line":46,"column":6},"end":{"line":46,"column":50}},"23":{"start":{"line":47,"column":6},"end":{"line":47,"column":76}},"24":{"start":{"line":48,"column":6},"end":{"line":48,"column":70}},"25":{"start":{"line":50,"column":6},"end":{"line":50,"column":24}},"26":{"start":{"line":54,"column":2},"end":{"line":56,"column":3}},"27":{"start":{"line":55,"column":4},"end":{"line":55,"column":16}},"28":{"start":{"line":58,"column":2},"end":{"line":134,"column":4}},"29":{"start":{"line":63,"column":25},"end":{"line":63,"column":38}},"30":{"start":{"line":104,"column":14},"end":{"line":128,"column":21}},"31":{"start":{"line":118,"column":24},"end":{"line":120,"column":31}},"32":{"start":{"line":137,"column":15},"end":{"line":275,"column":2}}},"fnMap":{"0":{"name":"AdminUsersScreen","decl":{"start":{"line":24,"column":24},"end":{"line":24,"column":40}},"loc":{"start":{"line":24,"column":43},"end":{"line":135,"column":1}},"line":24},"1":{"name":"(anonymous_1)","decl":{"start":{"line":31,"column":12},"end":{"line":31,"column":13}},"loc":{"start":{"line":31,"column":18},"end":{"line":37,"column":3}},"line":31},"2":{"name":"(anonymous_2)","decl":{"start":{"line":39,"column":21},"end":{"line":39,"column":22}},"loc":{"start":{"line":39,"column":33},"end":{"line":52,"column":3}},"line":39},"3":{"name":"(anonymous_3)","decl":{"start":{"line":63,"column":19},"end":{"line":63,"column":20}},"loc":{"start":{"line":63,"column":25},"end":{"line":63,"column":38}},"line":63},"4":{"name":"(anonymous_4)","decl":{"start":{"line":103,"column":23},"end":{"line":103,"column":24}},"loc":{"start":{"line":104,"column":14},"end":{"line":128,"column":21}},"line":104},"5":{"name":"(anonymous_5)","decl":{"start":{"line":117,"column":38},"end":{"line":117,"column":39}},"loc":{"start":{"line":118,"column":24},"end":{"line":120,"column":31}},"line":118}},"branchMap":{"0":{"loc":{"start":{"line":32,"column":4},"end":{"line":35,"column":5}},"type":"if","locations":[{"start":{"line":32,"column":4},"end":{"line":35,"column":5}},{"start":{},"end":{}}],"line":32},"1":{"loc":{"start":{"line":47,"column":15},"end":{"line":47,"column":74}},"type":"cond-expr","locations":[{"start":{"line":47,"column":38},"end":{"line":47,"column":49}},{"start":{"line":47,"column":52},"end":{"line":47,"column":74}}],"line":47},"2":{"loc":{"start":{"line":54,"column":2},"end":{"line":56,"column":3}},"type":"if","locations":[{"start":{"line":54,"column":2},"end":{"line":56,"column":3}},{"start":{},"end":{}}],"line":54},"3":{"loc":{"start":{"line":83,"column":9},"end":{"line":131,"column":9}},"type":"cond-expr","locations":[{"start":{"line":84,"column":10},"end":{"line":87,"column":17}},{"start":{"line":88,"column":12},"end":{"line":131,"column":9}}],"line":83},"4":{"loc":{"start":{"line":88,"column":12},"end":{"line":131,"column":9}},"type":"cond-expr","locations":[{"start":{"line":89,"column":10},"end":{"line":95,"column":17}},{"start":{"line":96,"column":12},"end":{"line":131,"column":9}}],"line":88},"5":{"loc":{"start":{"line":96,"column":12},"end":{"line":131,"column":9}},"type":"cond-expr","locations":[{"start":{"line":97,"column":10},"end":{"line":100,"column":17}},{"start":{"line":102,"column":10},"end":{"line":130,"column":17}}],"line":96},"6":{"loc":{"start":{"line":110,"column":21},"end":{"line":112,"column":30}},"type":"cond-expr","locations":[{"start":{"line":111,"column":24},"end":{"line":111,"column":79}},{"start":{"line":112,"column":24},"end":{"line":112,"column":30}}],"line":110},"7":{"loc":{"start":{"line":110,"column":21},"end":{"line":110,"column":52}},"type":"binary-expr","locations":[{"start":{"line":110,"column":21},"end":{"line":110,"column":35}},{"start":{"line":110,"column":39},"end":{"line":110,"column":52}}],"line":110},"8":{"loc":{"start":{"line":111,"column":27},"end":{"line":111,"column":47}},"type":"binary-expr","locations":[{"start":{"line":111,"column":27},"end":{"line":111,"column":41}},{"start":{"line":111,"column":45},"end":{"line":111,"column":47}}],"line":111},"9":{"loc":{"start":{"line":111,"column":51},"end":{"line":111,"column":70}},"type":"binary-expr","locations":[{"start":{"line":111,"column":51},"end":{"line":111,"column":64}},{"start":{"line":111,"column":68},"end":{"line":111,"column":70}}],"line":111},"10":{"loc":{"start":{"line":115,"column":19},"end":{"line":123,"column":19}},"type":"binary-expr","locations":[{"start":{"line":115,"column":19},"end":{"line":115,"column":29}},{"start":{"line":115,"column":33},"end":{"line":115,"column":54}},{"start":{"line":116,"column":20},"end":{"line":122,"column":27}}],"line":115}},"s":{"0":0,"1":0,"2":0,"3":0,"4":0,"5":0,"6":0,"7":0,"8":0,"9":0,"10":0,"11":0,"12":0,"13":0,"14":0,"15":0,"16":0,"17":0,"18":0,"19":0,"20":0,"21":0,"22":0,"23":0,"24":0,"25":0,"26":0,"27":0,"28":0,"29":0,"30":0,"31":0,"32":0},"f":{"0":0,"1":0,"2":0,"3":0,"4":0,"5":0},"b":{"0":[0,0],"1":[0,0],"2":[0,0],"3":[0,0],"4":[0,0],"5":[0,0],"6":[0,0],"7":[0,0],"8":[0,0],"9":[0,0],"10":[0,0,0]}}
,"/Users/iamsergio/Desktop/GaelCraves/GaelCraves_Frontend/app/index.tsx": {"path":"/Users/iamsergio/Desktop/GaelCraves/GaelCraves_Frontend/app/index.tsx","statementMap":{"0":{"start":{"line":4,"column":2},"end":{"line":4,"column":37}}},"fnMap":{"0":{"name":"Index","decl":{"start":{"line":3,"column":24},"end":{"line":3,"column":29}},"loc":{"start":{"line":3,"column":32},"end":{"line":5,"column":1}},"line":3}},"branchMap":{},"s":{"0":0},"f":{"0":0},"b":{}}
,"/Users/iamsergio/Desktop/GaelCraves/GaelCraves_Frontend/app/login.tsx": {"path":"/Users/iamsergio/Desktop/GaelCraves/GaelCraves_Frontend/app/login.tsx","statementMap":{"0":{"start":{"line":17,"column":11},"end":{"line":17,"column":20}},"1":{"start":{"line":18,"column":14},"end":{"line":18,"column":23}},"2":{"start":{"line":19,"column":14},"end":{"line":19,"column":23}},"3":{"start":{"line":20,"column":13},"end":{"line":20,"column":37}},"4":{"start":{"line":21,"column":14},"end":{"line":21,"column":38}},"5":{"start":{"line":22,"column":17},"end":{"line":22,"column":26}},"6":{"start":{"line":23,"column":15},"end":{"line":23,"column":39}},"7":{"start":{"line":24,"column":20},"end":{"line":24,"column":29}},"8":{"start":{"line":53,"column":6},"end":{"line":53,"column":15}},"9":{"start":{"line":55,"column":2},"end":{"line":336,"column":4}},"10":{"start":{"line":122,"column":32},"end":{"line":122,"column":51}},"11":{"start":{"line":174,"column":32},"end":{"line":174,"column":54}},"12":{"start":{"line":202,"column":36},"end":{"line":202,"column":65}},"13":{"start":{"line":227,"column":36},"end":{"line":227,"column":66}},"14":{"start":{"line":251,"column":36},"end":{"line":251,"column":64}},"15":{"start":{"line":339,"column":15},"end":{"line":520,"column":2}}},"fnMap":{"0":{"name":"LoginScreen","decl":{"start":{"line":26,"column":24},"end":{"line":26,"column":35}},"loc":{"start":{"line":26,"column":38},"end":{"line":337,"column":1}},"line":26},"1":{"name":"(anonymous_1)","decl":{"start":{"line":122,"column":26},"end":{"line":122,"column":27}},"loc":{"start":{"line":122,"column":32},"end":{"line":122,"column":51}},"line":122},"2":{"name":"(anonymous_2)","decl":{"start":{"line":174,"column":26},"end":{"line":174,"column":27}},"loc":{"start":{"line":174,"column":32},"end":{"line":174,"column":54}},"line":174},"3":{"name":"(anonymous_3)","decl":{"start":{"line":202,"column":30},"end":{"line":202,"column":31}},"loc":{"start":{"line":202,"column":36},"end":{"line":202,"column":65}},"line":202},"4":{"name":"(anonymous_4)","decl":{"start":{"line":227,"column":30},"end":{"line":227,"column":31}},"loc":{"start":{"line":227,"column":36},"end":{"line":227,"column":66}},"line":227},"5":{"name":"(anonymous_5)","decl":{"start":{"line":251,"column":30},"end":{"line":251,"column":31}},"loc":{"start":{"line":251,"column":36},"end":{"line":251,"column":64}},"line":251}},"branchMap":{"0":{"loc":{"start":{"line":81,"column":18},"end":{"line":81,"column":47}},"type":"binary-expr","locations":[{"start":{"line":81,"column":18},"end":{"line":81,"column":27}},{"start":{"line":81,"column":31},"end":{"line":81,"column":47}}],"line":81},"1":{"loc":{"start":{"line":87,"column":42},"end":{"line":87,"column":75}},"type":"binary-expr","locations":[{"start":{"line":87,"column":42},"end":{"line":87,"column":51}},{"start":{"line":87,"column":55},"end":{"line":87,"column":75}}],"line":87},"2":{"loc":{"start":{"line":94,"column":36},"end":{"line":94,"column":64}},"type":"binary-expr","locations":[{"start":{"line":94,"column":36},"end":{"line":94,"column":44}},{"start":{"line":94,"column":48},"end":{"line":94,"column":64}}],"line":94},"3":{"loc":{"start":{"line":99,"column":42},"end":{"line":99,"column":74}},"type":"binary-expr","locations":[{"start":{"line":99,"column":42},"end":{"line":99,"column":50}},{"start":{"line":99,"column":54},"end":{"line":99,"column":74}}],"line":99},"4":{"loc":{"start":{"line":116,"column":20},"end":{"line":116,"column":70}},"type":"binary-expr","locations":[{"start":{"line":116,"column":20},"end":{"line":116,"column":33}},{"start":{"line":116,"column":37},"end":{"line":116,"column":49}},{"start":{"line":116,"column":53},"end":{"line":116,"column":70}}],"line":116},"5":{"loc":{"start":{"line":127,"column":17},"end":{"line":129,"column":24}},"type":"cond-expr","locations":[{"start":{"line":128,"column":18},"end":{"line":128,"column":70}},{"start":{"line":129,"column":20},"end":{"line":129,"column":24}}],"line":127},"6":{"loc":{"start":{"line":127,"column":17},"end":{"line":127,"column":46}},"type":"binary-expr","locations":[{"start":{"line":127,"column":17},"end":{"line":127,"column":30}},{"start":{"line":127,"column":34},"end":{"line":127,"column":46}}],"line":127},"7":{"loc":{"start":{"line":133,"column":15},"end":{"line":145,"column":15}},"type":"binary-expr","locations":[{"start":{"line":133,"column":15},"end":{"line":133,"column":23}},{"start":{"line":134,"column":16},"end":{"line":144,"column":23}}],"line":133},"8":{"loc":{"start":{"line":148,"column":15},"end":{"line":160,"column":15}},"type":"binary-expr","locations":[{"start":{"line":148,"column":15},"end":{"line":148,"column":23}},{"start":{"line":149,"column":16},"end":{"line":159,"column":23}}],"line":148},"9":{"loc":{"start":{"line":168,"column":20},"end":{"line":168,"column":76}},"type":"binary-expr","locations":[{"start":{"line":168,"column":20},"end":{"line":168,"column":36}},{"start":{"line":168,"column":40},"end":{"line":168,"column":55}},{"start":{"line":168,"column":59},"end":{"line":168,"column":76}}],"line":168},"10":{"loc":{"start":{"line":178,"column":17},"end":{"line":180,"column":24}},"type":"cond-expr","locations":[{"start":{"line":179,"column":18},"end":{"line":179,"column":73}},{"start":{"line":180,"column":20},"end":{"line":180,"column":24}}],"line":178},"11":{"loc":{"start":{"line":178,"column":17},"end":{"line":178,"column":52}},"type":"binary-expr","locations":[{"start":{"line":178,"column":17},"end":{"line":178,"column":33}},{"start":{"line":178,"column":37},"end":{"line":178,"column":52}}],"line":178},"12":{"loc":{"start":{"line":186,"column":15},"end":{"line":261,"column":15}},"type":"binary-expr","locations":[{"start":{"line":186,"column":15},"end":{"line":186,"column":23}},{"start":{"line":187,"column":16},"end":{"line":260,"column":19}}],"line":186},"13":{"loc":{"start":{"line":194,"column":24},"end":{"line":196,"column":43}},"type":"binary-expr","locations":[{"start":{"line":194,"column":24},"end":{"line":194,"column":47}},{"start":{"line":195,"column":26},"end":{"line":195,"column":48}},{"start":{"line":196,"column":26},"end":{"line":196,"column":43}}],"line":194},"14":{"loc":{"start":{"line":206,"column":21},"end":{"line":210,"column":28}},"type":"cond-expr","locations":[{"start":{"line":207,"column":22},"end":{"line":209,"column":29}},{"start":{"line":210,"column":24},"end":{"line":210,"column":28}}],"line":206},"15":{"loc":{"start":{"line":206,"column":21},"end":{"line":206,"column":70}},"type":"binary-expr","locations":[{"start":{"line":206,"column":21},"end":{"line":206,"column":44}},{"start":{"line":206,"column":48},"end":{"line":206,"column":70}}],"line":206},"16":{"loc":{"start":{"line":219,"column":24},"end":{"line":221,"column":43}},"type":"binary-expr","locations":[{"start":{"line":219,"column":24},"end":{"line":219,"column":48}},{"start":{"line":220,"column":26},"end":{"line":220,"column":49}},{"start":{"line":221,"column":26},"end":{"line":221,"column":43}}],"line":219},"17":{"loc":{"start":{"line":230,"column":21},"end":{"line":234,"column":28}},"type":"cond-expr","locations":[{"start":{"line":231,"column":22},"end":{"line":233,"column":29}},{"start":{"line":234,"column":24},"end":{"line":234,"column":28}}],"line":230},"18":{"loc":{"start":{"line":230,"column":21},"end":{"line":230,"column":72}},"type":"binary-expr","locations":[{"start":{"line":230,"column":21},"end":{"line":230,"column":45}},{"start":{"line":230,"column":49},"end":{"line":230,"column":72}}],"line":230},"19":{"loc":{"start":{"line":243,"column":24},"end":{"line":245,"column":43}},"type":"binary-expr","locations":[{"start":{"line":243,"column":24},"end":{"line":243,"column":46}},{"start":{"line":244,"column":26},"end":{"line":244,"column":47}},{"start":{"line":245,"column":26},"end":{"line":245,"column":43}}],"line":243},"20":{"loc":{"start":{"line":254,"column":21},"end":{"line":258,"column":28}},"type":"cond-expr","locations":[{"start":{"line":255,"column":22},"end":{"line":257,"column":29}},{"start":{"line":258,"column":24},"end":{"line":258,"column":28}}],"line":254},"21":{"loc":{"start":{"line":254,"column":21},"end":{"line":254,"column":68}},"type":"binary-expr","locations":[{"start":{"line":254,"column":21},"end":{"line":254,"column":43}},{"start":{"line":254,"column":47},"end":{"line":254,"column":68}}],"line":254},"22":{"loc":{"start":{"line":269,"column":18},"end":{"line":269,"column":55}},"type":"binary-expr","locations":[{"start":{"line":269,"column":18},"end":{"line":269,"column":27}},{"start":{"line":269,"column":31},"end":{"line":269,"column":55}}],"line":269},"23":{"loc":{"start":{"line":274,"column":17},"end":{"line":280,"column":17}},"type":"cond-expr","locations":[{"start":{"line":275,"column":18},"end":{"line":275,"column":55}},{"start":{"line":277,"column":18},"end":{"line":279,"column":25}}],"line":274},"24":{"loc":{"start":{"line":278,"column":21},"end":{"line":278,"column":60}},"type":"cond-expr","locations":[{"start":{"line":278,"column":32},"end":{"line":278,"column":48}},{"start":{"line":278,"column":51},"end":{"line":278,"column":60}}],"line":278},"25":{"loc":{"start":{"line":317,"column":15},"end":{"line":321,"column":15}},"type":"binary-expr","locations":[{"start":{"line":317,"column":15},"end":{"line":317,"column":24}},{"start":{"line":318,"column":16},"end":{"line":320,"column":28}}],"line":317}},"s":{"0":0,"1":0,"2":0,"3":0,"4":0,"5":0,"6":0,"7":0,"8":0,"9":0,"10":0,"11":0,"12":0,"13":0,"14":0,"15":0},"f":{"0":0,"1":0,"2":0,"3":0,"4":0,"5":0},"b":{"0":[0,0],"1":[0,0],"2":[0,0],"3":[0,0],"4":[0,0,0],"5":[0,0],"6":[0,0],"7":[0,0],"8":[0,0],"9":[0,0,0],"10":[0,0],"11":[0,0],"12":[0,0],"13":[0,0,0],"14":[0,0],"15":[0,0],"16":[0,0,0],"17":[0,0],"18":[0,0],"19":[0,0,0],"20":[0,0],"21":[0,0],"22":[0,0],"23":[0,0],"24":[0,0],"25":[0,0]}}
,"/Users/iamsergio/Desktop/GaelCraves/GaelCraves_Frontend/app/modal.tsx": {"path":"/Users/iamsergio/Desktop/GaelCraves/GaelCraves_Frontend/app/modal.tsx","statementMap":{"0":{"start":{"line":8,"column":2},"end":{"line":15,"column":4}},"1":{"start":{"line":18,"column":15},"end":{"line":29,"column":2}}},"fnMap":{"0":{"name":"ModalScreen","decl":{"start":{"line":7,"column":24},"end":{"line":7,"column":35}},"loc":{"start":{"line":7,"column":38},"end":{"line":16,"column":1}},"line":7}},"branchMap":{},"s":{"0":0,"1":0},"f":{"0":0},"b":{}}
,"/Users/iamsergio/Desktop/GaelCraves/GaelCraves_Frontend/app/oauth-success.tsx": {"path":"/Users/iamsergio/Desktop/GaelCraves/GaelCraves_Frontend/app/oauth-success.tsx","statementMap":{"0":{"start":{"line":9,"column":17},"end":{"line":9,"column":28}},"1":{"start":{"line":10,"column":22},"end":{"line":10,"column":31}},"2":{"start":{"line":11,"column":28},"end":{"line":11,"column":57}},"3":{"start":{"line":13,"column":2},"end":{"line":48,"column":24}},"4":{"start":{"line":14,"column":30},"end":{"line":45,"column":5}},"5":{"start":{"line":15,"column":6},"end":{"line":44,"column":7}},"6":{"start":{"line":16,"column":21},"end":{"line":19,"column":10}},"7":{"start":{"line":21,"column":8},"end":{"line":26,"column":9}},"8":{"start":{"line":22,"column":23},"end":{"line":22,"column":40}},"9":{"start":{"line":23,"column":10},"end":{"line":23,"column":65}},"10":{"start":{"line":24,"column":10},"end":{"line":24,"column":73}},"11":{"start":{"line":25,"column":10},"end":{"line":25,"column":17}},"12":{"start":{"line":28,"column":21},"end":{"line":28,"column":38}},"13":{"start":{"line":30,"column":8},"end":{"line":37,"column":11}},"14":{"start":{"line":40,"column":8},"end":{"line":40,"column":34}},"15":{"start":{"line":42,"column":8},"end":{"line":42,"column":58}},"16":{"start":{"line":43,"column":8},"end":{"line":43,"column":58}},"17":{"start":{"line":47,"column":4},"end":{"line":47,"column":24}},"18":{"start":{"line":50,"column":2},"end":{"line":66,"column":4}},"19":{"start":{"line":69,"column":15},"end":{"line":104,"column":2}}},"fnMap":{"0":{"name":"OAuthSuccess","decl":{"start":{"line":8,"column":24},"end":{"line":8,"column":36}},"loc":{"start":{"line":8,"column":39},"end":{"line":67,"column":1}},"line":8},"1":{"name":"(anonymous_1)","decl":{"start":{"line":13,"column":12},"end":{"line":13,"column":13}},"loc":{"start":{"line":13,"column":20},"end":{"line":48,"column":3}},"line":13},"2":{"name":"(anonymous_2)","decl":{"start":{"line":14,"column":30},"end":{"line":14,"column":31}},"loc":{"start":{"line":14,"column":42},"end":{"line":45,"column":5}},"line":14}},"branchMap":{"0":{"loc":{"start":{"line":21,"column":8},"end":{"line":26,"column":9}},"type":"if","locations":[{"start":{"line":21,"column":8},"end":{"line":26,"column":9}},{"start":{},"end":{}}],"line":21},"1":{"loc":{"start":{"line":31,"column":14},"end":{"line":31,"column":27}},"type":"binary-expr","locations":[{"start":{"line":31,"column":14},"end":{"line":31,"column":21}},{"start":{"line":31,"column":25},"end":{"line":31,"column":27}}],"line":31},"2":{"loc":{"start":{"line":32,"column":17},"end":{"line":32,"column":33}},"type":"binary-expr","locations":[{"start":{"line":32,"column":17},"end":{"line":32,"column":27}},{"start":{"line":32,"column":31},"end":{"line":32,"column":33}}],"line":32},"3":{"loc":{"start":{"line":33,"column":21},"end":{"line":33,"column":41}},"type":"binary-expr","locations":[{"start":{"line":33,"column":21},"end":{"line":33,"column":35}},{"start":{"line":33,"column":39},"end":{"line":33,"column":41}}],"line":33},"4":{"loc":{"start":{"line":34,"column":20},"end":{"line":34,"column":39}},"type":"binary-expr","locations":[{"start":{"line":34,"column":20},"end":{"line":34,"column":33}},{"start":{"line":34,"column":37},"end":{"line":34,"column":39}}],"line":34},"5":{"loc":{"start":{"line":35,"column":17},"end":{"line":35,"column":60}},"type":"cond-expr","locations":[{"start":{"line":35,"column":45},"end":{"line":35,"column":55}},{"start":{"line":35,"column":58},"end":{"line":35,"column":60}}],"line":35},"6":{"loc":{"start":{"line":53,"column":9},"end":{"line":63,"column":9}},"type":"cond-expr","locations":[{"start":{"line":54,"column":10},"end":{"line":57,"column":13}},{"start":{"line":59,"column":10},"end":{"line":62,"column":13}}],"line":53}},"s":{"0":0,"1":0,"2":0,"3":0,"4":0,"5":0,"6":0,"7":0,"8":0,"9":0,"10":0,"11":0,"12":0,"13":0,"14":0,"15":0,"16":0,"17":0,"18":0,"19":0},"f":{"0":0,"1":0,"2":0},"b":{"0":[0,0],"1":[0,0],"2":[0,0],"3":[0,0],"4":[0,0],"5":[0,0],"6":[0,0]}}
,"/Users/iamsergio/Desktop/GaelCraves/GaelCraves_Frontend/app/order.tsx": {"path":"/Users/iamsergio/Desktop/GaelCraves/GaelCraves_Frontend/app/order.tsx","statementMap":{"0":{"start":{"line":23,"column":11},"end":{"line":23,"column":20}},"1":{"start":{"line":24,"column":14},"end":{"line":24,"column":23}},"2":{"start":{"line":25,"column":14},"end":{"line":25,"column":23}},"3":{"start":{"line":26,"column":13},"end":{"line":26,"column":37}},"4":{"start":{"line":27,"column":14},"end":{"line":27,"column":38}},"5":{"start":{"line":30,"column":20},"end":{"line":30,"column":41}},"6":{"start":{"line":31,"column":17},"end":{"line":31,"column":30}},"7":{"start":{"line":32,"column":19},"end":{"line":32,"column":47}},"8":{"start":{"line":33,"column":19},"end":{"line":33,"column":30}},"9":{"start":{"line":34,"column":27},"end":{"line":34,"column":36}},"10":{"start":{"line":35,"column":17},"end":{"line":35,"column":28}},"11":{"start":{"line":37,"column":42},"end":{"line":37,"column":77}},"12":{"start":{"line":38,"column":36},"end":{"line":38,"column":54}},"13":{"start":{"line":39,"column":42},"end":{"line":39,"column":60}},"14":{"start":{"line":40,"column":40},"end":{"line":40,"column":61}},"15":{"start":{"line":41,"column":50},"end":{"line":41,"column":71}},"16":{"start":{"line":42,"column":42},"end":{"line":42,"column":63}},"17":{"start":{"line":43,"column":34},"end":{"line":43,"column":55}},"18":{"start":{"line":44,"column":36},"end":{"line":44,"column":66}},"19":{"start":{"line":45,"column":44},"end":{"line":45,"column":64}},"20":{"start":{"line":48,"column":38},"end":{"line":48,"column":56}},"21":{"start":{"line":49,"column":38},"end":{"line":49,"column":56}},"22":{"start":{"line":50,"column":32},"end":{"line":50,"column":50}},"23":{"start":{"line":51,"column":46},"end":{"line":51,"column":64}},"24":{"start":{"line":54,"column":2},"end":{"line":71,"column":9}},"25":{"start":{"line":55,"column":21},"end":{"line":68,"column":5}},"26":{"start":{"line":56,"column":6},"end":{"line":56,"column":61}},"27":{"start":{"line":57,"column":6},"end":{"line":57,"column":29}},"28":{"start":{"line":58,"column":6},"end":{"line":67,"column":7}},"29":{"start":{"line":59,"column":22},"end":{"line":59,"column":42}},"30":{"start":{"line":60,"column":8},"end":{"line":60,"column":67}},"31":{"start":{"line":61,"column":8},"end":{"line":61,"column":28}},"32":{"start":{"line":63,"column":8},"end":{"line":63,"column":61}},"33":{"start":{"line":64,"column":8},"end":{"line":64,"column":71}},"34":{"start":{"line":66,"column":8},"end":{"line":66,"column":32}},"35":{"start":{"line":70,"column":4},"end":{"line":70,"column":15}},"36":{"start":{"line":73,"column":23},"end":{"line":81,"column":3}},"37":{"start":{"line":74,"column":4},"end":{"line":80,"column":5}},"38":{"start":{"line":75,"column":6},"end":{"line":75,"column":21}},"39":{"start":{"line":76,"column":6},"end":{"line":76,"column":57}},"40":{"start":{"line":77,"column":6},"end":{"line":77,"column":32}},"41":{"start":{"line":79,"column":6},"end":{"line":79,"column":44}},"42":{"start":{"line":83,"column":25},"end":{"line":86,"column":3}},"43":{"start":{"line":84,"column":4},"end":{"line":84,"column":23}},"44":{"start":{"line":85,"column":4},"end":{"line":85,"column":22}},"45":{"start":{"line":88,"column":27},"end":{"line":113,"column":3}},"46":{"start":{"line":89,"column":4},"end":{"line":89,"column":58}},"47":{"start":{"line":90,"column":4},"end":{"line":90,"column":42}},"48":{"start":{"line":93,"column":4},"end":{"line":103,"column":5}},"49":{"start":{"line":94,"column":6},"end":{"line":101,"column":8}},"50":{"start":{"line":99,"column":42},"end":{"line":99,"column":63}},"51":{"start":{"line":102,"column":6},"end":{"line":102,"column":13}},"52":{"start":{"line":105,"column":4},"end":{"line":105,"column":28}},"53":{"start":{"line":106,"column":4},"end":{"line":106,"column":21}},"54":{"start":{"line":107,"column":4},"end":{"line":107,"column":24}},"55":{"start":{"line":109,"column":4},"end":{"line":109,"column":22}},"56":{"start":{"line":110,"column":4},"end":{"line":110,"column":22}},"57":{"start":{"line":111,"column":4},"end":{"line":111,"column":19}},"58":{"start":{"line":112,"column":4},"end":{"line":112,"column":26}},"59":{"start":{"line":115,"column":27},"end":{"line":121,"column":3}},"60":{"start":{"line":117,"column":20},"end":{"line":117,"column":43}},"61":{"start":{"line":119,"column":22},"end":{"line":119,"column":68}},"62":{"start":{"line":120,"column":4},"end":{"line":120,"column":38}},"63":{"start":{"line":123,"column":23},"end":{"line":131,"column":3}},"64":{"start":{"line":125,"column":20},"end":{"line":125,"column":43}},"65":{"start":{"line":127,"column":4},"end":{"line":129,"column":5}},"66":{"start":{"line":128,"column":6},"end":{"line":128,"column":69}},"67":{"start":{"line":130,"column":4},"end":{"line":130,"column":19}},"68":{"start":{"line":133,"column":30},"end":{"line":151,"column":3}},"69":{"start":{"line":134,"column":4},"end":{"line":137,"column":5}},"70":{"start":{"line":135,"column":6},"end":{"line":135,"column":59}},"71":{"start":{"line":136,"column":6},"end":{"line":136,"column":19}},"72":{"start":{"line":138,"column":4},"end":{"line":141,"column":5}},"73":{"start":{"line":139,"column":6},"end":{"line":139,"column":72}},"74":{"start":{"line":140,"column":6},"end":{"line":140,"column":19}},"75":{"start":{"line":142,"column":4},"end":{"line":145,"column":5}},"76":{"start":{"line":143,"column":6},"end":{"line":143,"column":66}},"77":{"start":{"line":144,"column":6},"end":{"line":144,"column":19}},"78":{"start":{"line":146,"column":4},"end":{"line":149,"column":5}},"79":{"start":{"line":147,"column":6},"end":{"line":147,"column":55}},"80":{"start":{"line":148,"column":6},"end":{"line":148,"column":19}},"81":{"start":{"line":150,"column":4},"end":{"line":150,"column":16}},"82":{"start":{"line":153,"column":27},"end":{"line":157,"column":3}},"83":{"start":{"line":154,"column":4},"end":{"line":154,"column":26}},"84":{"start":{"line":155,"column":4},"end":{"line":155,"column":31}},"85":{"start":{"line":156,"column":4},"end":{"line":156,"column":26}},"86":{"start":{"line":159,"column":29},"end":{"line":166,"column":3}},"87":{"start":{"line":160,"column":4},"end":{"line":164,"column":5}},"88":{"start":{"line":161,"column":6},"end":{"line":161,"column":55}},"89":{"start":{"line":162,"column":6},"end":{"line":162,"column":28}},"90":{"start":{"line":163,"column":6},"end":{"line":163,"column":13}},"91":{"start":{"line":165,"column":4},"end":{"line":165,"column":25}},"92":{"start":{"line":168,"column":24},"end":{"line":253,"column":3}},"93":{"start":{"line":170,"column":24},"end":{"line":170,"column":82}},"94":{"start":{"line":170,"column":49},"end":{"line":170,"column":81}},"95":{"start":{"line":172,"column":4},"end":{"line":172,"column":43}},"96":{"start":{"line":173,"column":4},"end":{"line":173,"column":50}},"97":{"start":{"line":174,"column":4},"end":{"line":174,"column":34}},"98":{"start":{"line":176,"column":4},"end":{"line":179,"column":5}},"99":{"start":{"line":177,"column":6},"end":{"line":177,"column":57}},"100":{"start":{"line":178,"column":6},"end":{"line":178,"column":13}},"101":{"start":{"line":181,"column":4},"end":{"line":185,"column":5}},"102":{"start":{"line":182,"column":6},"end":{"line":182,"column":63}},"103":{"start":{"line":183,"column":6},"end":{"line":183,"column":28}},"104":{"start":{"line":184,"column":6},"end":{"line":184,"column":13}},"105":{"start":{"line":187,"column":4},"end":{"line":189,"column":5}},"106":{"start":{"line":188,"column":6},"end":{"line":188,"column":13}},"107":{"start":{"line":191,"column":4},"end":{"line":191,"column":26}},"108":{"start":{"line":192,"column":4},"end":{"line":252,"column":5}},"109":{"start":{"line":193,"column":23},"end":{"line":193,"column":119}},"110":{"start":{"line":195,"column":6},"end":{"line":195,"column":70}},"111":{"start":{"line":196,"column":6},"end":{"line":196,"column":51}},"112":{"start":{"line":199,"column":36},"end":{"line":208,"column":8}},"113":{"start":{"line":210,"column":32},"end":{"line":210,"column":66}},"114":{"start":{"line":212,"column":6},"end":{"line":214,"column":7}},"115":{"start":{"line":213,"column":8},"end":{"line":213,"column":86}},"116":{"start":{"line":216,"column":6},"end":{"line":216,"column":46}},"117":{"start":{"line":219,"column":23},"end":{"line":236,"column":8}},"118":{"start":{"line":238,"column":21},"end":{"line":238,"column":42}},"119":{"start":{"line":240,"column":6},"end":{"line":246,"column":7}},"120":{"start":{"line":241,"column":8},"end":{"line":241,"column":44}},"121":{"start":{"line":242,"column":8},"end":{"line":242,"column":30}},"122":{"start":{"line":243,"column":8},"end":{"line":243,"column":34}},"123":{"start":{"line":245,"column":8},"end":{"line":245,"column":63}},"124":{"start":{"line":248,"column":6},"end":{"line":248,"column":47}},"125":{"start":{"line":249,"column":6},"end":{"line":249,"column":81}},"126":{"start":{"line":251,"column":6},"end":{"line":251,"column":29}},"127":{"start":{"line":255,"column":33},"end":{"line":257,"column":3}},"128":{"start":{"line":256,"column":4},"end":{"line":256,"column":23}},"129":{"start":{"line":259,"column":22},"end":{"line":259,"column":80}},"130":{"start":{"line":259,"column":47},"end":{"line":259,"column":79}},"131":{"start":{"line":261,"column":20},"end":{"line":261,"column":62}},"132":{"start":{"line":263,"column":2},"end":{"line":733,"column":4}},"133":{"start":{"line":276,"column":14},"end":{"line":276,"column":57}},"134":{"start":{"line":277,"column":14},"end":{"line":277,"column":32}},"135":{"start":{"line":342,"column":14},"end":{"line":342,"column":57}},"136":{"start":{"line":343,"column":14},"end":{"line":343,"column":33}},"137":{"start":{"line":351,"column":16},"end":{"line":351,"column":57}},"138":{"start":{"line":352,"column":16},"end":{"line":352,"column":35}},"139":{"start":{"line":357,"column":32},"end":{"line":357,"column":51}},"140":{"start":{"line":362,"column":51},"end":{"line":362,"column":69}},"141":{"start":{"line":368,"column":75},"end":{"line":368,"column":100}},"142":{"start":{"line":373,"column":75},"end":{"line":373,"column":99}},"143":{"start":{"line":378,"column":100},"end":{"line":378,"column":124}},"144":{"start":{"line":383,"column":75},"end":{"line":383,"column":101}},"145":{"start":{"line":388,"column":75},"end":{"line":388,"column":104}},"146":{"start":{"line":395,"column":22},"end":{"line":395,"column":41}},"147":{"start":{"line":396,"column":22},"end":{"line":396,"column":37}},"148":{"start":{"line":402,"column":101},"end":{"line":402,"column":125}},"149":{"start":{"line":438,"column":14},"end":{"line":474,"column":21}},"150":{"start":{"line":466,"column":35},"end":{"line":466,"column":68}},"151":{"start":{"line":618,"column":32},"end":{"line":618,"column":53}},"152":{"start":{"line":667,"column":44},"end":{"line":667,"column":81}},"153":{"start":{"line":682,"column":46},"end":{"line":682,"column":79}},"154":{"start":{"line":695,"column":46},"end":{"line":695,"column":97}},"155":{"start":{"line":706,"column":35},"end":{"line":706,"column":56}},"156":{"start":{"line":736,"column":15},"end":{"line":1278,"column":2}}},"fnMap":{"0":{"name":"ExploreScreen","decl":{"start":{"line":29,"column":24},"end":{"line":29,"column":37}},"loc":{"start":{"line":29,"column":40},"end":{"line":734,"column":1}},"line":29},"1":{"name":"(anonymous_1)","decl":{"start":{"line":54,"column":18},"end":{"line":54,"column":19}},"loc":{"start":{"line":54,"column":24},"end":{"line":71,"column":3}},"line":54},"2":{"name":"(anonymous_2)","decl":{"start":{"line":55,"column":21},"end":{"line":55,"column":22}},"loc":{"start":{"line":55,"column":33},"end":{"line":68,"column":5}},"line":55},"3":{"name":"(anonymous_3)","decl":{"start":{"line":73,"column":23},"end":{"line":73,"column":24}},"loc":{"start":{"line":73,"column":35},"end":{"line":81,"column":3}},"line":73},"4":{"name":"(anonymous_4)","decl":{"start":{"line":83,"column":25},"end":{"line":83,"column":26}},"loc":{"start":{"line":83,"column":40},"end":{"line":86,"column":3}},"line":83},"5":{"name":"(anonymous_5)","decl":{"start":{"line":88,"column":27},"end":{"line":88,"column":28}},"loc":{"start":{"line":88,"column":47},"end":{"line":113,"column":3}},"line":88},"6":{"name":"(anonymous_6)","decl":{"start":{"line":99,"column":36},"end":{"line":99,"column":37}},"loc":{"start":{"line":99,"column":42},"end":{"line":99,"column":63}},"line":99},"7":{"name":"(anonymous_7)","decl":{"start":{"line":115,"column":27},"end":{"line":115,"column":28}},"loc":{"start":{"line":115,"column":45},"end":{"line":121,"column":3}},"line":115},"8":{"name":"(anonymous_8)","decl":{"start":{"line":123,"column":23},"end":{"line":123,"column":24}},"loc":{"start":{"line":123,"column":41},"end":{"line":131,"column":3}},"line":123},"9":{"name":"(anonymous_9)","decl":{"start":{"line":133,"column":30},"end":{"line":133,"column":31}},"loc":{"start":{"line":133,"column":45},"end":{"line":151,"column":3}},"line":133},"10":{"name":"(anonymous_10)","decl":{"start":{"line":153,"column":27},"end":{"line":153,"column":28}},"loc":{"start":{"line":153,"column":33},"end":{"line":157,"column":3}},"line":153},"11":{"name":"(anonymous_11)","decl":{"start":{"line":159,"column":29},"end":{"line":159,"column":30}},"loc":{"start":{"line":159,"column":35},"end":{"line":166,"column":3}},"line":159},"12":{"name":"(anonymous_12)","decl":{"start":{"line":168,"column":24},"end":{"line":168,"column":25}},"loc":{"start":{"line":168,"column":36},"end":{"line":253,"column":3}},"line":168},"13":{"name":"(anonymous_13)","decl":{"start":{"line":170,"column":39},"end":{"line":170,"column":40}},"loc":{"start":{"line":170,"column":49},"end":{"line":170,"column":81}},"line":170},"14":{"name":"(anonymous_14)","decl":{"start":{"line":255,"column":33},"end":{"line":255,"column":34}},"loc":{"start":{"line":255,"column":39},"end":{"line":257,"column":3}},"line":255},"15":{"name":"(anonymous_15)","decl":{"start":{"line":259,"column":37},"end":{"line":259,"column":38}},"loc":{"start":{"line":259,"column":47},"end":{"line":259,"column":79}},"line":259},"16":{"name":"(anonymous_16)","decl":{"start":{"line":275,"column":21},"end":{"line":275,"column":22}},"loc":{"start":{"line":275,"column":27},"end":{"line":278,"column":13}},"line":275},"17":{"name":"(anonymous_17)","decl":{"start":{"line":341,"column":28},"end":{"line":341,"column":29}},"loc":{"start":{"line":341,"column":34},"end":{"line":344,"column":13}},"line":341},"18":{"name":"(anonymous_18)","decl":{"start":{"line":350,"column":23},"end":{"line":350,"column":24}},"loc":{"start":{"line":350,"column":29},"end":{"line":353,"column":15}},"line":350},"19":{"name":"(anonymous_19)","decl":{"start":{"line":357,"column":25},"end":{"line":357,"column":26}},"loc":{"start":{"line":357,"column":32},"end":{"line":357,"column":51}},"line":357},"20":{"name":"(anonymous_20)","decl":{"start":{"line":362,"column":45},"end":{"line":362,"column":46}},"loc":{"start":{"line":362,"column":51},"end":{"line":362,"column":69}},"line":362},"21":{"name":"(anonymous_21)","decl":{"start":{"line":368,"column":69},"end":{"line":368,"column":70}},"loc":{"start":{"line":368,"column":75},"end":{"line":368,"column":100}},"line":368},"22":{"name":"(anonymous_22)","decl":{"start":{"line":373,"column":69},"end":{"line":373,"column":70}},"loc":{"start":{"line":373,"column":75},"end":{"line":373,"column":99}},"line":373},"23":{"name":"(anonymous_23)","decl":{"start":{"line":378,"column":94},"end":{"line":378,"column":95}},"loc":{"start":{"line":378,"column":100},"end":{"line":378,"column":124}},"line":378},"24":{"name":"(anonymous_24)","decl":{"start":{"line":383,"column":69},"end":{"line":383,"column":70}},"loc":{"start":{"line":383,"column":75},"end":{"line":383,"column":101}},"line":383},"25":{"name":"(anonymous_25)","decl":{"start":{"line":388,"column":69},"end":{"line":388,"column":70}},"loc":{"start":{"line":388,"column":75},"end":{"line":388,"column":104}},"line":388},"26":{"name":"(anonymous_26)","decl":{"start":{"line":394,"column":96},"end":{"line":394,"column":97}},"loc":{"start":{"line":394,"column":102},"end":{"line":397,"column":21}},"line":394},"27":{"name":"(anonymous_27)","decl":{"start":{"line":402,"column":95},"end":{"line":402,"column":96}},"loc":{"start":{"line":402,"column":101},"end":{"line":402,"column":125}},"line":402},"28":{"name":"(anonymous_28)","decl":{"start":{"line":437,"column":26},"end":{"line":437,"column":27}},"loc":{"start":{"line":438,"column":14},"end":{"line":474,"column":21}},"line":438},"29":{"name":"(anonymous_29)","decl":{"start":{"line":466,"column":29},"end":{"line":466,"column":30}},"loc":{"start":{"line":466,"column":35},"end":{"line":466,"column":68}},"line":466},"30":{"name":"(anonymous_30)","decl":{"start":{"line":618,"column":26},"end":{"line":618,"column":27}},"loc":{"start":{"line":618,"column":32},"end":{"line":618,"column":53}},"line":618},"31":{"name":"(anonymous_31)","decl":{"start":{"line":667,"column":34},"end":{"line":667,"column":35}},"loc":{"start":{"line":667,"column":44},"end":{"line":667,"column":81}},"line":667},"32":{"name":"(anonymous_32)","decl":{"start":{"line":682,"column":36},"end":{"line":682,"column":37}},"loc":{"start":{"line":682,"column":46},"end":{"line":682,"column":79}},"line":682},"33":{"name":"(anonymous_33)","decl":{"start":{"line":695,"column":36},"end":{"line":695,"column":37}},"loc":{"start":{"line":695,"column":46},"end":{"line":695,"column":97}},"line":695},"34":{"name":"(anonymous_34)","decl":{"start":{"line":706,"column":29},"end":{"line":706,"column":30}},"loc":{"start":{"line":706,"column":35},"end":{"line":706,"column":56}},"line":706}},"branchMap":{"0":{"loc":{"start":{"line":32,"column":19},"end":{"line":32,"column":47}},"type":"binary-expr","locations":[{"start":{"line":32,"column":19},"end":{"line":32,"column":31}},{"start":{"line":32,"column":35},"end":{"line":32,"column":47}}],"line":32},"1":{"loc":{"start":{"line":93,"column":4},"end":{"line":103,"column":5}},"type":"if","locations":[{"start":{"line":93,"column":4},"end":{"line":103,"column":5}},{"start":{},"end":{}}],"line":93},"2":{"loc":{"start":{"line":119,"column":22},"end":{"line":119,"column":68}},"type":"binary-expr","locations":[{"start":{"line":119,"column":22},"end":{"line":119,"column":57}},{"start":{"line":119,"column":61},"end":{"line":119,"column":68}}],"line":119},"3":{"loc":{"start":{"line":127,"column":4},"end":{"line":129,"column":5}},"type":"if","locations":[{"start":{"line":127,"column":4},"end":{"line":129,"column":5}},{"start":{},"end":{}}],"line":127},"4":{"loc":{"start":{"line":134,"column":4},"end":{"line":137,"column":5}},"type":"if","locations":[{"start":{"line":134,"column":4},"end":{"line":137,"column":5}},{"start":{},"end":{}}],"line":134},"5":{"loc":{"start":{"line":138,"column":4},"end":{"line":141,"column":5}},"type":"if","locations":[{"start":{"line":138,"column":4},"end":{"line":141,"column":5}},{"start":{},"end":{}}],"line":138},"6":{"loc":{"start":{"line":142,"column":4},"end":{"line":145,"column":5}},"type":"if","locations":[{"start":{"line":142,"column":4},"end":{"line":145,"column":5}},{"start":{},"end":{}}],"line":142},"7":{"loc":{"start":{"line":146,"column":4},"end":{"line":149,"column":5}},"type":"if","locations":[{"start":{"line":146,"column":4},"end":{"line":149,"column":5}},{"start":{},"end":{}}],"line":146},"8":{"loc":{"start":{"line":160,"column":4},"end":{"line":164,"column":5}},"type":"if","locations":[{"start":{"line":160,"column":4},"end":{"line":164,"column":5}},{"start":{},"end":{}}],"line":160},"9":{"loc":{"start":{"line":176,"column":4},"end":{"line":179,"column":5}},"type":"if","locations":[{"start":{"line":176,"column":4},"end":{"line":179,"column":5}},{"start":{},"end":{}}],"line":176},"10":{"loc":{"start":{"line":181,"column":4},"end":{"line":185,"column":5}},"type":"if","locations":[{"start":{"line":181,"column":4},"end":{"line":185,"column":5}},{"start":{},"end":{}}],"line":181},"11":{"loc":{"start":{"line":187,"column":4},"end":{"line":189,"column":5}},"type":"if","locations":[{"start":{"line":187,"column":4},"end":{"line":189,"column":5}},{"start":{},"end":{}}],"line":187},"12":{"loc":{"start":{"line":193,"column":23},"end":{"line":193,"column":119}},"type":"binary-expr","locations":[{"start":{"line":193,"column":23},"end":{"line":193,"column":60}},{"start":{"line":193,"column":64},"end":{"line":193,"column":119}}],"line":193},"13":{"loc":{"start":{"line":212,"column":6},"end":{"line":214,"column":7}},"type":"if","locations":[{"start":{"line":212,"column":6},"end":{"line":214,"column":7}},{"start":{},"end":{}}],"line":212},"14":{"loc":{"start":{"line":213,"column":24},"end":{"line":213,"column":84}},"type":"binary-expr","locations":[{"start":{"line":213,"column":24},"end":{"line":213,"column":47}},{"start":{"line":213,"column":51},"end":{"line":213,"column":84}}],"line":213},"15":{"loc":{"start":{"line":228,"column":21},"end":{"line":228,"column":40}},"type":"binary-expr","locations":[{"start":{"line":228,"column":21},"end":{"line":228,"column":30}},{"start":{"line":228,"column":34},"end":{"line":228,"column":40}}],"line":228},"16":{"loc":{"start":{"line":240,"column":6},"end":{"line":246,"column":7}},"type":"if","locations":[{"start":{"line":240,"column":6},"end":{"line":246,"column":7}},{"start":{"line":244,"column":13},"end":{"line":246,"column":7}}],"line":240},"17":{"loc":{"start":{"line":245,"column":29},"end":{"line":245,"column":61}},"type":"binary-expr","locations":[{"start":{"line":245,"column":29},"end":{"line":245,"column":41}},{"start":{"line":245,"column":45},"end":{"line":245,"column":61}}],"line":245},"18":{"loc":{"start":{"line":249,"column":27},"end":{"line":249,"column":79}},"type":"binary-expr","locations":[{"start":{"line":249,"column":27},"end":{"line":249,"column":40}},{"start":{"line":249,"column":44},"end":{"line":249,"column":79}}],"line":249},"19":{"loc":{"start":{"line":261,"column":20},"end":{"line":261,"column":62}},"type":"cond-expr","locations":[{"start":{"line":261,"column":29},"end":{"line":261,"column":34}},{"start":{"line":261,"column":37},"end":{"line":261,"column":62}}],"line":261},"20":{"loc":{"start":{"line":261,"column":37},"end":{"line":261,"column":62}},"type":"cond-expr","locations":[{"start":{"line":261,"column":48},"end":{"line":261,"column":53}},{"start":{"line":261,"column":56},"end":{"line":261,"column":62}}],"line":261},"21":{"loc":{"start":{"line":272,"column":9},"end":{"line":326,"column":9}},"type":"cond-expr","locations":[{"start":{"line":273,"column":10},"end":{"line":282,"column":29}},{"start":{"line":284,"column":10},"end":{"line":325,"column":17}}],"line":272},"22":{"loc":{"start":{"line":284,"column":41},"end":{"line":284,"column":74}},"type":"binary-expr","locations":[{"start":{"line":284,"column":41},"end":{"line":284,"column":49}},{"start":{"line":284,"column":53},"end":{"line":284,"column":74}}],"line":284},"23":{"loc":{"start":{"line":287,"column":46},"end":{"line":287,"column":78}},"type":"binary-expr","locations":[{"start":{"line":287,"column":46},"end":{"line":287,"column":54}},{"start":{"line":287,"column":58},"end":{"line":287,"column":78}}],"line":287},"24":{"loc":{"start":{"line":295,"column":46},"end":{"line":295,"column":78}},"type":"binary-expr","locations":[{"start":{"line":295,"column":46},"end":{"line":295,"column":54}},{"start":{"line":295,"column":58},"end":{"line":295,"column":78}}],"line":295},"25":{"loc":{"start":{"line":303,"column":46},"end":{"line":303,"column":78}},"type":"binary-expr","locations":[{"start":{"line":303,"column":46},"end":{"line":303,"column":54}},{"start":{"line":303,"column":58},"end":{"line":303,"column":78}}],"line":303},"26":{"loc":{"start":{"line":309,"column":13},"end":{"line":324,"column":13}},"type":"cond-expr","locations":[{"start":{"line":310,"column":14},"end":{"line":315,"column":26}},{"start":{"line":317,"column":14},"end":{"line":323,"column":21}}],"line":309},"27":{"loc":{"start":{"line":311,"column":23},"end":{"line":311,"column":73}},"type":"cond-expr","locations":[{"start":{"line":311,"column":34},"end":{"line":311,"column":55}},{"start":{"line":311,"column":58},"end":{"line":311,"column":73}}],"line":311},"28":{"loc":{"start":{"line":319,"column":25},"end":{"line":319,"column":75}},"type":"cond-expr","locations":[{"start":{"line":319,"column":36},"end":{"line":319,"column":57}},{"start":{"line":319,"column":60},"end":{"line":319,"column":75}}],"line":319},"29":{"loc":{"start":{"line":332,"column":10},"end":{"line":332,"column":44}},"type":"binary-expr","locations":[{"start":{"line":332,"column":10},"end":{"line":332,"column":18}},{"start":{"line":332,"column":22},"end":{"line":332,"column":44}}],"line":332},"30":{"loc":{"start":{"line":336,"column":9},"end":{"line":411,"column":9}},"type":"binary-expr","locations":[{"start":{"line":336,"column":9},"end":{"line":336,"column":17}},{"start":{"line":337,"column":10},"end":{"line":410,"column":18}}],"line":336},"31":{"loc":{"start":{"line":393,"column":19},"end":{"line":406,"column":19}},"type":"cond-expr","locations":[{"start":{"line":394,"column":20},"end":{"line":400,"column":39}},{"start":{"line":402,"column":20},"end":{"line":405,"column":39}}],"line":393},"32":{"loc":{"start":{"line":426,"column":11},"end":{"line":476,"column":11}},"type":"cond-expr","locations":[{"start":{"line":427,"column":12},"end":{"line":430,"column":19}},{"start":{"line":431,"column":14},"end":{"line":476,"column":11}}],"line":426},"33":{"loc":{"start":{"line":431,"column":14},"end":{"line":476,"column":11}},"type":"cond-expr","locations":[{"start":{"line":432,"column":12},"end":{"line":435,"column":19}},{"start":{"line":437,"column":12},"end":{"line":475,"column":14}}],"line":431},"34":{"loc":{"start":{"line":445,"column":21},"end":{"line":445,"column":57}},"type":"cond-expr","locations":[{"start":{"line":445,"column":37},"end":{"line":445,"column":42}},{"start":{"line":445,"column":45},"end":{"line":445,"column":57}}],"line":445},"35":{"loc":{"start":{"line":453,"column":19},"end":{"line":457,"column":19}},"type":"binary-expr","locations":[{"start":{"line":453,"column":20},"end":{"line":453,"column":33}},{"start":{"line":453,"column":37},"end":{"line":453,"column":49}},{"start":{"line":454,"column":20},"end":{"line":456,"column":27}}],"line":453},"36":{"loc":{"start":{"line":455,"column":23},"end":{"line":455,"column":66}},"type":"cond-expr","locations":[{"start":{"line":455,"column":39},"end":{"line":455,"column":61}},{"start":{"line":455,"column":64},"end":{"line":455,"column":66}}],"line":455},"37":{"loc":{"start":{"line":455,"column":68},"end":{"line":455,"column":110}},"type":"cond-expr","locations":[{"start":{"line":455,"column":100},"end":{"line":455,"column":105}},{"start":{"line":455,"column":108},"end":{"line":455,"column":110}}],"line":455},"38":{"loc":{"start":{"line":455,"column":68},"end":{"line":455,"column":97}},"type":"binary-expr","locations":[{"start":{"line":455,"column":68},"end":{"line":455,"column":81}},{"start":{"line":455,"column":85},"end":{"line":455,"column":97}}],"line":455},"39":{"loc":{"start":{"line":455,"column":112},"end":{"line":455,"column":158}},"type":"cond-expr","locations":[{"start":{"line":455,"column":127},"end":{"line":455,"column":153}},{"start":{"line":455,"column":156},"end":{"line":455,"column":158}}],"line":455},"40":{"loc":{"start":{"line":464,"column":22},"end":{"line":464,"column":66}},"type":"binary-expr","locations":[{"start":{"line":464,"column":22},"end":{"line":464,"column":37}},{"start":{"line":464,"column":41},"end":{"line":464,"column":66}}],"line":464},"41":{"loc":{"start":{"line":470,"column":23},"end":{"line":470,"column":69}},"type":"cond-expr","locations":[{"start":{"line":470,"column":40},"end":{"line":470,"column":53}},{"start":{"line":470,"column":56},"end":{"line":470,"column":69}}],"line":470},"42":{"loc":{"start":{"line":490,"column":19},"end":{"line":490,"column":77}},"type":"binary-expr","locations":[{"start":{"line":490,"column":19},"end":{"line":490,"column":40}},{"start":{"line":490,"column":44},"end":{"line":490,"column":56}},{"start":{"line":490,"column":60},"end":{"line":490,"column":77}}],"line":490},"43":{"loc":{"start":{"line":504,"column":15},"end":{"line":511,"column":15}},"type":"binary-expr","locations":[{"start":{"line":504,"column":16},"end":{"line":504,"column":37}},{"start":{"line":504,"column":41},"end":{"line":504,"column":61}},{"start":{"line":505,"column":16},"end":{"line":510,"column":23}}],"line":504},"44":{"loc":{"start":{"line":508,"column":21},"end":{"line":508,"column":79}},"type":"cond-expr","locations":[{"start":{"line":508,"column":45},"end":{"line":508,"column":74}},{"start":{"line":508,"column":77},"end":{"line":508,"column":79}}],"line":508},"45":{"loc":{"start":{"line":508,"column":81},"end":{"line":508,"column":139}},"type":"cond-expr","locations":[{"start":{"line":508,"column":129},"end":{"line":508,"column":134}},{"start":{"line":508,"column":137},"end":{"line":508,"column":139}}],"line":508},"46":{"loc":{"start":{"line":508,"column":81},"end":{"line":508,"column":126}},"type":"binary-expr","locations":[{"start":{"line":508,"column":81},"end":{"line":508,"column":102}},{"start":{"line":508,"column":106},"end":{"line":508,"column":126}}],"line":508},"47":{"loc":{"start":{"line":508,"column":141},"end":{"line":508,"column":202}},"type":"cond-expr","locations":[{"start":{"line":508,"column":164},"end":{"line":508,"column":197}},{"start":{"line":508,"column":200},"end":{"line":508,"column":202}}],"line":508},"48":{"loc":{"start":{"line":563,"column":19},"end":{"line":563,"column":51}},"type":"binary-expr","locations":[{"start":{"line":563,"column":19},"end":{"line":563,"column":35}},{"start":{"line":563,"column":39},"end":{"line":563,"column":51}}],"line":563},"49":{"loc":{"start":{"line":584,"column":56},"end":{"line":584,"column":75}},"type":"binary-expr","locations":[{"start":{"line":584,"column":56},"end":{"line":584,"column":65}},{"start":{"line":584,"column":69},"end":{"line":584,"column":75}}],"line":584},"50":{"loc":{"start":{"line":590,"column":19},"end":{"line":590,"column":41}},"type":"binary-expr","locations":[{"start":{"line":590,"column":19},"end":{"line":590,"column":31}},{"start":{"line":590,"column":35},"end":{"line":590,"column":41}}],"line":590},"51":{"loc":{"start":{"line":715,"column":22},"end":{"line":715,"column":66}},"type":"binary-expr","locations":[{"start":{"line":715,"column":22},"end":{"line":715,"column":34}},{"start":{"line":715,"column":38},"end":{"line":715,"column":66}}],"line":715},"52":{"loc":{"start":{"line":720,"column":21},"end":{"line":724,"column":21}},"type":"cond-expr","locations":[{"start":{"line":721,"column":22},"end":{"line":721,"column":59}},{"start":{"line":723,"column":22},"end":{"line":723,"column":139}}],"line":720},"53":{"loc":{"start":{"line":794,"column":19},"end":{"line":794,"column":54}},"type":"cond-expr","locations":[{"start":{"line":794,"column":47},"end":{"line":794,"column":49}},{"start":{"line":794,"column":52},"end":{"line":794,"column":54}}],"line":794},"54":{"loc":{"start":{"line":1173,"column":16},"end":{"line
[...]
lumn":48},"end":{"line":141,"column":56}},{"start":{"line":141,"column":60},"end":{"line":141,"column":80}}],"line":141},"6":{"loc":{"start":{"line":149,"column":48},"end":{"line":149,"column":80}},"type":"binary-expr","locations":[{"start":{"line":149,"column":48},"end":{"line":149,"column":56}},{"start":{"line":149,"column":60},"end":{"line":149,"column":80}}],"line":149},"7":{"loc":{"start":{"line":157,"column":48},"end":{"line":157,"column":80}},"type":"binary-expr","locations":[{"start":{"line":157,"column":48},"end":{"line":157,"column":56}},{"start":{"line":157,"column":60},"end":{"line":157,"column":80}}],"line":157},"8":{"loc":{"start":{"line":163,"column":66},"end":{"line":163,"column":98}},"type":"binary-expr","locations":[{"start":{"line":163,"column":66},"end":{"line":163,"column":74}},{"start":{"line":163,"column":78},"end":{"line":163,"column":98}}],"line":163},"9":{"loc":{"start":{"line":167,"column":15},"end":{"line":180,"column":15}},"type":"cond-expr","locations":[{"start":{"line":168,"column":16},"end":{"line":173,"column":28}},{"start":{"line":175,"column":16},"end":{"line":179,"column":23}}],"line":167},"10":{"loc":{"start":{"line":169,"column":25},"end":{"line":169,"column":75}},"type":"cond-expr","locations":[{"start":{"line":169,"column":36},"end":{"line":169,"column":57}},{"start":{"line":169,"column":60},"end":{"line":169,"column":75}}],"line":169},"11":{"loc":{"start":{"line":176,"column":36},"end":{"line":176,"column":86}},"type":"cond-expr","locations":[{"start":{"line":176,"column":47},"end":{"line":176,"column":68}},{"start":{"line":176,"column":71},"end":{"line":176,"column":86}}],"line":176},"12":{"loc":{"start":{"line":231,"column":17},"end":{"line":244,"column":17}},"type":"cond-expr","locations":[{"start":{"line":232,"column":18},"end":{"line":238,"column":30}},{"start":{"line":240,"column":18},"end":{"line":243,"column":30}}],"line":231},"13":{"loc":{"start":{"line":251,"column":53},"end":{"line":251,"column":78}},"type":"cond-expr","locations":[{"start":{"line":251,"column":62},"end":{"line":251,"column":67}},{"start":{"line":251,"column":70},"end":{"line":251,"column":78}}],"line":251},"14":{"loc":{"start":{"line":252,"column":44},"end":{"line":252,"column":66}},"type":"cond-expr","locations":[{"start":{"line":252,"column":53},"end":{"line":252,"column":54}},{"start":{"line":252,"column":57},"end":{"line":252,"column":66}}],"line":252},"15":{"loc":{"start":{"line":269,"column":33},"end":{"line":269,"column":77}},"type":"cond-expr","locations":[{"start":{"line":269,"column":57},"end":{"line":269,"column":65}},{"start":{"line":269,"column":68},"end":{"line":269,"column":77}}],"line":269},"16":{"loc":{"start":{"line":269,"column":80},"end":{"line":269,"column":112}},"type":"cond-expr","locations":[{"start":{"line":269,"column":91},"end":{"line":269,"column":107}},{"start":{"line":269,"column":110},"end":{"line":269,"column":112}}],"line":269},"17":{"loc":{"start":{"line":275,"column":37},"end":{"line":275,"column":67}},"type":"binary-expr","locations":[{"start":{"line":275,"column":37},"end":{"line":275,"column":46}},{"start":{"line":275,"column":50},"end":{"line":275,"column":67}}],"line":275},"18":{"loc":{"start":{"line":278,"column":47},"end":{"line":278,"column":81}},"type":"binary-expr","locations":[{"start":{"line":278,"column":47},"end":{"line":278,"column":56}},{"start":{"line":278,"column":60},"end":{"line":278,"column":81}}],"line":278},"19":{"loc":{"start":{"line":283,"column":39},"end":{"line":283,"column":76}},"type":"binary-expr","locations":[{"start":{"line":283,"column":39},"end":{"line":283,"column":55}},{"start":{"line":283,"column":59},"end":{"line":283,"column":76}}],"line":283},"20":{"loc":{"start":{"line":284,"column":45},"end":{"line":284,"column":74}},"type":"cond-expr","locations":[{"start":{"line":284,"column":64},"end":{"line":284,"column":68}},{"start":{"line":284,"column":71},"end":{"line":284,"column":74}}],"line":284},"21":{"loc":{"start":{"line":286,"column":49},"end":{"line":286,"column":90}},"type":"binary-expr","locations":[{"start":{"line":286,"column":49},"end":{"line":286,"column":65}},{"start":{"line":286,"column":69},"end":{"line":286,"column":90}}],"line":286},"22":{"loc":{"start":{"line":301,"column":17},"end":{"line":307,"column":17}},"type":"binary-expr","locations":[{"start":{"line":301,"column":17},"end":{"line":301,"column":26}},{"start":{"line":302,"column":18},"end":{"line":306,"column":25}}],"line":301},"23":{"loc":{"start":{"line":311,"column":11},"end":{"line":313,"column":11}},"type":"binary-expr","locations":[{"start":{"line":311,"column":11},"end":{"line":311,"column":32}},{"start":{"line":312,"column":12},"end":{"line":312,"column":82}}],"line":311},"24":{"loc":{"start":{"line":337,"column":2},"end":{"line":347,"column":3}},"type":"switch","locations":[{"start":{"line":338,"column":4},"end":{"line":338,"column":33}},{"start":{"line":339,"column":4},"end":{"line":339,"column":29}},{"start":{"line":340,"column":4},"end":{"line":340,"column":29}},{"start":{"line":341,"column":4},"end":{"line":341,"column":33}},{"start":{"line":342,"column":4},"end":{"line":342,"column":39}},{"start":{"line":343,"column":4},"end":{"line":343,"column":34}},{"start":{"line":344,"column":4},"end":{"line":344,"column":32}},{"start":{"line":345,"column":4},"end":{"line":345,"column":32}},{"start":{"line":346,"column":4},"end":{"line":346,"column":24}}],"line":337}},"s":{"0":0,"1":0,"2":0,"3":0,"4":0,"5":0,"6":0,"7":0,"8":0,"9":0,"10":0,"11":0,"12":0,"13":0,"14":0,"15":0,"16":0,"17":0,"18":0,"19":0,"20":0,"21":0,"22":0,"23":0,"24":0,"25":0,"26":0,"27":0,"28":0,"29":0,"30":0,"31":0,"32":0,"33":0,"34":0,"35":0,"36":0,"37":0,"38":0,"39":0,"40":0,"41":0,"42":0,"43":0,"44":0,"45":0,"46":0,"47":0,"48":0,"49":0,"50":0,"51":0,"52":0,"53":0,"54":0,"55":0,"56":0,"57":0,"58":0,"59":0,"60":0,"61":0,"62":0,"63":0},"f":{"0":0,"1":0,"2":0,"3":0,"4":0,"5":0,"6":0,"7":0,"8":0,"9":0,"10":0,"11":0,"12":0,"13":0,"14":0,"15":0,"16":0,"17":0,"18":0,"19":0,"20":0,"21":0,"22":0,"23":0,"24":0},"b":{"0":[0,0,0],"1":[0,0],"2":[0,0],"3":[0,0],"4":[0,0],"5":[0,0],"6":[0,0],"7":[0,0],"8":[0,0],"9":[0,0],"10":[0,0],"11":[0,0],"12":[0,0],"13":[0,0],"14":[0,0],"15":[0,0],"16":[0,0],"17":[0,0],"18":[0,0],"19":[0,0],"20":[0,0],"21":[0,0],"22":[0,0],"23":[0,0],"24":[0,0,0,0,0,0,0,0,0]}}
,"/Users/iamsergio/Desktop/GaelCraves/GaelCraves_Frontend/app/(tabs)/index.tsx": {"path":"/Users/iamsergio/Desktop/GaelCraves/GaelCraves_Frontend/app/(tabs)/index.tsx","statementMap":{"0":{"start":{"line":21,"column":20},"end":{"line":21,"column":41}},"1":{"start":{"line":22,"column":17},"end":{"line":22,"column":29}},"2":{"start":{"line":23,"column":19},"end":{"line":23,"column":30}},"3":{"start":{"line":24,"column":17},"end":{"line":24,"column":28}},"4":{"start":{"line":25,"column":27},"end":{"line":25,"column":36}},"5":{"start":{"line":26,"column":34},"end":{"line":26,"column":55}},"6":{"start":{"line":28,"column":25},"end":{"line":42,"column":3}},"7":{"start":{"line":29,"column":4},"end":{"line":29,"column":59}},"8":{"start":{"line":31,"column":4},"end":{"line":35,"column":5}},"9":{"start":{"line":32,"column":6},"end":{"line":32,"column":73}},"10":{"start":{"line":34,"column":6},"end":{"line":34,"column":43}},"11":{"start":{"line":37,"column":4},"end":{"line":41,"column":5}},"12":{"start":{"line":38,"column":6},"end":{"line":38,"column":28}},"13":{"start":{"line":40,"column":6},"end":{"line":40,"column":49}},"14":{"start":{"line":44,"column":23},"end":{"line":52,"column":3}},"15":{"start":{"line":45,"column":4},"end":{"line":51,"column":5}},"16":{"start":{"line":46,"column":6},"end":{"line":46,"column":21}},"17":{"start":{"line":47,"column":6},"end":{"line":47,"column":57}},"18":{"start":{"line":48,"column":6},"end":{"line":48,"column":32}},"19":{"start":{"line":50,"column":6},"end":{"line":50,"column":44}},"20":{"start":{"line":54,"column":25},"end":{"line":57,"column":3}},"21":{"start":{"line":55,"column":4},"end":{"line":55,"column":23}},"22":{"start":{"line":56,"column":4},"end":{"line":56,"column":22}},"23":{"start":{"line":59,"column":2},"end":{"line":277,"column":4}},"24":{"start":{"line":76,"column":16},"end":{"line":76,"column":58}},"25":{"start":{"line":77,"column":16},"end":{"line":77,"column":34}},"26":{"start":{"line":122,"column":32},"end":{"line":122,"column":50}},"27":{"start":{"line":129,"column":14},"end":{"line":129,"column":54}},"28":{"start":{"line":130,"column":14},"end":{"line":130,"column":33}},"29":{"start":{"line":135,"column":30},"end":{"line":135,"column":49}},"30":{"start":{"line":140,"column":49},"end":{"line":140,"column":67}},"31":{"start":{"line":148,"column":33},"end":{"line":148,"column":58}},"32":{"start":{"line":156,"column":33},"end":{"line":156,"column":57}},"33":{"start":{"line":164,"column":33},"end":{"line":164,"column":57}},"34":{"start":{"line":172,"column":33},"end":{"line":172,"column":59}},"35":{"start":{"line":180,"column":33},"end":{"line":180,"column":62}},"36":{"start":{"line":194,"column":22},"end":{"line":194,"column":41}},"37":{"start":{"line":195,"column":22},"end":{"line":195,"column":37}},"38":{"start":{"line":208,"column":35},"end":{"line":208,"column":59}},"39":{"start":{"line":280,"column":11},"end":{"line":280,"column":20}},"40":{"start":{"line":281,"column":14},"end":{"line":281,"column":23}},"41":{"start":{"line":282,"column":14},"end":{"line":282,"column":23}},"42":{"start":{"line":283,"column":13},"end":{"line":283,"column":37}},"43":{"start":{"line":284,"column":14},"end":{"line":284,"column":38}},"44":{"start":{"line":286,"column":15},"end":{"line":491,"column":2}}},"fnMap":{"0":{"name":"HomeScreen","decl":{"start":{"line":20,"column":24},"end":{"line":20,"column":34}},"loc":{"start":{"line":20,"column":37},"end":{"line":278,"column":1}},"line":20},"1":{"name":"(anonymous_1)","decl":{"start":{"line":28,"column":25},"end":{"line":28,"column":26}},"loc":{"start":{"line":28,"column":48},"end":{"line":42,"column":3}},"line":28},"2":{"name":"(anonymous_2)","decl":{"start":{"line":44,"column":23},"end":{"line":44,"column":24}},"loc":{"start":{"line":44,"column":35},"end":{"line":52,"column":3}},"line":44},"3":{"name":"(anonymous_3)","decl":{"start":{"line":54,"column":25},"end":{"line":54,"column":26}},"loc":{"start":{"line":54,"column":40},"end":{"line":57,"column":3}},"line":54},"4":{"name":"(anonymous_4)","decl":{"start":{"line":75,"column":23},"end":{"line":75,"column":24}},"loc":{"start":{"line":75,"column":29},"end":{"line":78,"column":15}},"line":75},"5":{"name":"(anonymous_5)","decl":{"start":{"line":122,"column":26},"end":{"line":122,"column":27}},"loc":{"start":{"line":122,"column":32},"end":{"line":122,"column":50}},"line":122},"6":{"name":"(anonymous_6)","decl":{"start":{"line":128,"column":21},"end":{"line":128,"column":22}},"loc":{"start":{"line":128,"column":27},"end":{"line":131,"column":13}},"line":128},"7":{"name":"(anonymous_7)","decl":{"start":{"line":135,"column":23},"end":{"line":135,"column":24}},"loc":{"start":{"line":135,"column":30},"end":{"line":135,"column":49}},"line":135},"8":{"name":"(anonymous_8)","decl":{"start":{"line":140,"column":43},"end":{"line":140,"column":44}},"loc":{"start":{"line":140,"column":49},"end":{"line":140,"column":67}},"line":140},"9":{"name":"(anonymous_9)","decl":{"start":{"line":148,"column":27},"end":{"line":148,"column":28}},"loc":{"start":{"line":148,"column":33},"end":{"line":148,"column":58}},"line":148},"10":{"name":"(anonymous_10)","decl":{"start":{"line":156,"column":27},"end":{"line":156,"column":28}},"loc":{"start":{"line":156,"column":33},"end":{"line":156,"column":57}},"line":156},"11":{"name":"(anonymous_11)","decl":{"start":{"line":164,"column":27},"end":{"line":164,"column":28}},"loc":{"start":{"line":164,"column":33},"end":{"line":164,"column":57}},"line":164},"12":{"name":"(anonymous_12)","decl":{"start":{"line":172,"column":27},"end":{"line":172,"column":28}},"loc":{"start":{"line":172,"column":33},"end":{"line":172,"column":59}},"line":172},"13":{"name":"(anonymous_13)","decl":{"start":{"line":180,"column":27},"end":{"line":180,"column":28}},"loc":{"start":{"line":180,"column":33},"end":{"line":180,"column":62}},"line":180},"14":{"name":"(anonymous_14)","decl":{"start":{"line":193,"column":29},"end":{"line":193,"column":30}},"loc":{"start":{"line":193,"column":35},"end":{"line":196,"column":21}},"line":193},"15":{"name":"(anonymous_15)","decl":{"start":{"line":208,"column":29},"end":{"line":208,"column":30}},"loc":{"start":{"line":208,"column":35},"end":{"line":208,"column":59}},"line":208}},"branchMap":{"0":{"loc":{"start":{"line":28,"column":26},"end":{"line":28,"column":43}},"type":"default-arg","locations":[{"start":{"line":28,"column":34},"end":{"line":28,"column":43}}],"line":28},"1":{"loc":{"start":{"line":72,"column":11},"end":{"line":114,"column":11}},"type":"cond-expr","locations":[{"start":{"line":73,"column":12},"end":{"line":82,"column":31}},{"start":{"line":84,"column":12},"end":{"line":113,"column":19}}],"line":72},"2":{"loc":{"start":{"line":102,"column":15},"end":{"line":112,"column":15}},"type":"cond-expr","locations":[{"start":{"line":103,"column":16},"end":{"line":105,"column":28}},{"start":{"line":107,"column":16},"end":{"line":111,"column":23}}],"line":102},"3":{"loc":{"start":{"line":190,"column":17},"end":{"line":213,"column":17}},"type":"cond-expr","locations":[{"start":{"line":191,"column":18},"end":{"line":204,"column":37}},{"start":{"line":206,"column":18},"end":{"line":212,"column":37}}],"line":190},"4":{"loc":{"start":{"line":223,"column":29},"end":{"line":223,"column":54}},"type":"cond-expr","locations":[{"start":{"line":223,"column":38},"end":{"line":223,"column":43}},{"start":{"line":223,"column":46},"end":{"line":223,"column":54}}],"line":223},"5":{"loc":{"start":{"line":227,"column":49},"end":{"line":227,"column":71}},"type":"cond-expr","locations":[{"start":{"line":227,"column":58},"end":{"line":227,"column":59}},{"start":{"line":227,"column":62},"end":{"line":227,"column":71}}],"line":227},"6":{"loc":{"start":{"line":229,"column":37},"end":{"line":229,"column":64}},"type":"binary-expr","locations":[{"start":{"line":229,"column":37},"end":{"line":229,"column":45}},{"start":{"line":229,"column":49},"end":{"line":229,"column":64}}],"line":229},"7":{"loc":{"start":{"line":233,"column":38},"end":{"line":233,"column":66}},"type":"binary-expr","locations":[{"start":{"line":233,"column":38},"end":{"line":233,"column":46}},{"start":{"line":233,"column":50},"end":{"line":233,"column":66}}],"line":233},"8":{"loc":{"start":{"line":250,"column":50},"end":{"line":250,"column":72}},"type":"cond-expr","locations":[{"start":{"line":250,"column":59},"end":{"line":250,"column":60}},{"start":{"line":250,"column":63},"end":{"line":250,"column":72}}],"line":250},"9":{"loc":{"start":{"line":274,"column":9},"end":{"line":274,"column":69}},"type":"binary-expr","locations":[{"start":{"line":274,"column":9},"end":{"line":274,"column":34}},{"start":{"line":274,"column":38},"end":{"line":274,"column":69}}],"line":274},"10":{"loc":{"start":{"line":290,"column":19},"end":{"line":290,"column":55}},"type":"cond-expr","locations":[{"start":{"line":290,"column":47},"end":{"line":290,"column":50}},{"start":{"line":290,"column":53},"end":{"line":290,"column":55}}],"line":290},"11":{"loc":{"start":{"line":354,"column":19},"end":{"line":354,"column":54}},"type":"cond-expr","locations":[{"start":{"line":354,"column":47},"end":{"line":354,"column":49}},{"start":{"line":354,"column":52},"end":{"line":354,"column":54}}],"line":354}},"s":{"0":0,"1":0,"2":0,"3":0,"4":0,"5":0,"6":0,"7":0,"8":0,"9":0,"10":0,"11":0,"12":0,"13":0,"14":0,"15":0,"16":0,"17":0,"18":0,"19":0,"20":0,"21":0,"22":0,"23":0,"24":0,"25":0,"26":0,"27":0,"28":0,"29":0,"30":0,"31":0,"32":0,"33":0,"34":0,"35":0,"36":0,"37":0,"38":0,"39":0,"40":0,"41":0,"42":0,"43":0,"44":0},"f":{"0":0,"1":0,"2":0,"3":0,"4":0,"5":0,"6":0,"7":0,"8":0,"9":0,"10":0,"11":0,"12":0,"13":0,"14":0,"15":0},"b":{"0":[0],"1":[0,0],"2":[0,0],"3":[0,0],"4":[0,0],"5":[0,0],"6":[0,0],"7":[0,0],"8":[0,0],"9":[0,0],"10":[0,0],"11":[0,0]}}
,"/Users/iamsergio/Desktop/GaelCraves/GaelCraves_Frontend/app/oauth/callback.tsx": {"path":"/Users/iamsergio/Desktop/GaelCraves/GaelCraves_Frontend/app/oauth/callback.tsx","statementMap":{"0":{"start":{"line":7,"column":17},"end":{"line":7,"column":28}},"1":{"start":{"line":8,"column":17},"end":{"line":8,"column":39}},"2":{"start":{"line":10,"column":2},"end":{"line":12,"column":9}},"3":{"start":{"line":11,"column":4},"end":{"line":11,"column":26}},"4":{"start":{"line":14,"column":30},"end":{"line":52,"column":3}},"5":{"start":{"line":15,"column":4},"end":{"line":15,"column":60}},"6":{"start":{"line":19,"column":4},"end":{"line":51,"column":5}},"7":{"start":{"line":21,"column":26},"end":{"line":21,"column":71}},"8":{"start":{"line":22,"column":6},"end":{"line":22,"column":46}},"9":{"start":{"line":25,"column":37},"end":{"line":25,"column":43}},"10":{"start":{"line":27,"column":6},"end":{"line":31,"column":7}},"11":{"start":{"line":28,"column":8},"end":{"line":28,"column":61}},"12":{"start":{"line":29,"column":8},"end":{"line":29,"column":33}},"13":{"start":{"line":30,"column":8},"end":{"line":30,"column":15}},"14":{"start":{"line":33,"column":6},"end":{"line":50,"column":7}},"15":{"start":{"line":35,"column":25},"end":{"line":35,"column":91}},"16":{"start":{"line":36,"column":8},"end":{"line":36,"column":68}},"17":{"start":{"line":38,"column":8},"end":{"line":49,"column":9}},"18":{"start":{"line":39,"column":26},"end":{"line":39,"column":60}},"19":{"start":{"line":40,"column":10},"end":{"line":45,"column":11}},"20":{"start":{"line":41,"column":12},"end":{"line":41,"column":44}},"21":{"start":{"line":43,"column":12},"end":{"line":43,"column":67}},"22":{"start":{"line":44,"column":12},"end":{"line":44,"column":37}},"23":{"start":{"line":47,"column":10},"end":{"line":47,"column":75}},"24":{"start":{"line":48,"column":10},"end":{"line":48,"column":35}},"25":{"start":{"line":54,"column":2},"end":{"line":61,"column":4}}},"fnMap":{"0":{"name":"OAuthCallback","decl":{"start":{"line":6,"column":24},"end":{"line":6,"column":37}},"loc":{"start":{"line":6,"column":40},"end":{"line":62,"column":1}},"line":6},"1":{"name":"(anonymous_1)","decl":{"start":{"line":10,"column":12},"end":{"line":10,"column":13}},"loc":{"start":{"line":10,"column":18},"end":{"line":12,"column":3}},"line":10},"2":{"name":"(anonymous_2)","decl":{"start":{"line":14,"column":30},"end":{"line":14,"column":31}},"loc":{"start":{"line":14,"column":42},"end":{"line":52,"column":3}},"line":14}},"branchMap":{"0":{"loc":{"start":{"line":19,"column":4},"end":{"line":51,"column":5}},"type":"if","locations":[{"start":{"line":19,"column":4},"end":{"line":51,"column":5}},{"start":{"line":23,"column":11},"end":{"line":51,"column":5}}],"line":19},"1":{"loc":{"start":{"line":27,"column":6},"end":{"line":31,"column":7}},"type":"if","locations":[{"start":{"line":27,"column":6},"end":{"line":31,"column":7}},{"start":{},"end":{}}],"line":27},"2":{"loc":{"start":{"line":33,"column":6},"end":{"line":50,"column":7}},"type":"if","locations":[{"start":{"line":33,"column":6},"end":{"line":50,"column":7}},{"start":{},"end":{}}],"line":33},"3":{"loc":{"start":{"line":35,"column":59},"end":{"line":35,"column":89}},"type":"cond-expr","locations":[{"start":{"line":35,"column":67},"end":{"line":35,"column":84}},{"start":{"line":35,"column":87},"end":{"line":35,"column":89}}],"line":35},"4":{"loc":{"start":{"line":40,"column":10},"end":{"line":45,"column":11}},"type":"if","locations":[{"start":{"line":40,"column":10},"end":{"line":45,"column":11}},{"start":{"line":42,"column":17},"end":{"line":45,"column":11}}],"line":40}},"s":{"0":0,"1":0,"2":0,"3":0,"4":0,"5":0,"6":0,"7":0,"8":0,"9":0,"10":0,"11":0,"12":0,"13":0,"14":0,"15":0,"16":0,"17":0,"18":0,"19":0,"20":0,"21":0,"22":0,"23":0,"24":0,"25":0},"f":{"0":0,"1":0,"2":0},"b":{"0":[0,0],"1":[0,0],"2":[0,0],"3":[0,0],"4":[0,0]}}
}
