TN:
SF:app/_layout.tsx
FN:15,RootLayout
FNF:1
FNH:0
FNDA:0,RootLayout
DA:11,0
DA:16,0
DA:18,0
LF:3
LH:0
BRDA:21,0,0,0
BRDA:21,0,1,0
BRF:2
BRH:0
end_of_record
TN:
SF:app/admin.tsx
FN:27,AdminScreen
FN:40,(anonymous_1)
FN:48,(anonymous_2)
FN:64,(anonymous_3)
FN:73,(anonymous_4)
FN:105,(anonymous_5)
FN:116,(anonymous_6)
FN:122,(anonymous_7)
FN:130,(anonymous_8)
FN:140,(anonymous_9)
FN:150,(anonymous_10)
FN:198,(anonymous_11)
FN:202,(anonymous_12)
FN:229,(anonymous_13)
FN:233,(anonymous_14)
FN:250,(anonymous_15)
FN:254,(anonymous_16)
FN:299,(anonymous_17)
FN:339,(anonymous_18)
FN:348,(anonymous_19)
FN:362,(anonymous_20)
FN:376,(anonymous_21)
FN:390,(anonymous_22)
FN:416,(anonymous_23)
FN:420,(anonymous_24)
FN:430,getStatusColor
FNF:26
FNH:0
FNDA:0,AdminScreen
FNDA:0,(anonymous_1)
FNDA:0,(anonymous_2)
FNDA:0,(anonymous_3)
FNDA:0,(anonymous_4)
FNDA:0,(anonymous_5)
FNDA:0,(anonymous_6)
FNDA:0,(anonymous_7)
FNDA:0,(anonymous_8)
FNDA:0,(anonymous_9)
FNDA:0,(anonymous_10)
FNDA:0,(anonymous_11)
FNDA:0,(anonymous_12)
FNDA:0,(anonymous_13)
FNDA:0,(anonymous_14)
FNDA:0,(anonymous_15)
FNDA:0,(anonymous_16)
FNDA:0,(anonymous_17)
FNDA:0,(anonymous_18)
FNDA:0,(anonymous_19)
FNDA:0,(anonymous_20)
FNDA:0,(anonymous_21)
FNDA:0,(anonymous_22)
FNDA:0,(anonymous_23)
FNDA:0,(anonymous_24)
FNDA:0,getStatusColor
DA:20,0
DA:21,0
DA:22,0
DA:23,0
DA:24,0
DA:25,0
DA:28,0
DA:29,0
DA:30,0
DA:31,0
DA:37,0
DA:38,0
DA:40,0
DA:41,0
DA:42,0
DA:43,0
DA:45,0
DA:48,0
DA:49,0
DA:50,0
DA:51,0
DA:55,0
DA:56,0
DA:58,0
DA:60,0
DA:64,0
DA:65,0
DA:66,0
DA:67,0
DA:69,0
DA:73,0
DA:74,0
DA:75,0
DA:78,0
DA:79,0
DA:96,0
DA:105,0
DA:116,0
DA:122,0
DA:130,0
DA:140,0
DA:150,0
DA:198,0
DA:204,0
DA:206,0
DA:208,0
DA:229,0
DA:233,0
DA:250,0
DA:254,0
DA:300,0
DA:340,0
DA:349,0
DA:363,0
DA:377,0
DA:391,0
DA:416,0
DA:420,0
DA:431,0
DA:433,0
DA:435,0
DA:437,0
DA:439,0
DA:441,0
DA:443,0
DA:445,0
DA:449,0
LF:67
LH:0
BRDA:41,0,0,0
BRDA:41,0,1,0
BRDA:78,1,0,0
BRDA:78,1,1,0
BRDA:113,2,0,0
BRDA:113,2,1,0
BRDA:200,3,0,0
BRDA:200,3,1,0
BRDA:204,4,0,0
BRDA:204,4,1,0
BRDA:219,5,0,0
BRDA:219,5,1,0
BRDA:231,6,0,0
BRDA:231,6,1,0
BRDA:252,7,0,0
BRDA:252,7,1,0
BRDA:272,8,0,0
BRDA:272,8,1,0
BRDA:282,9,0,0
BRDA:282,9,1,0
BRDA:289,10,0,0
BRDA:289,10,1,0
BRDA:304,11,0,0
BRDA:304,11,1,0
BRDA:329,12,0,0
BRDA:329,12,1,0
BRDA:335,13,0,0
BRDA:335,13,1,0
BRDA:358,14,0,0
BRDA:358,14,1,0
BRDA:372,15,0,0
BRDA:372,15,1,0
BRDA:386,16,0,0
BRDA:386,16,1,0
BRDA:402,17,0,0
BRDA:402,17,1,0
BRDA:418,18,0,0
BRDA:418,18,1,0
BRDA:431,19,0,0
BRDA:431,19,1,0
BRDA:431,19,2,0
BRDA:431,19,3,0
BRDA:431,19,4,0
BRDA:431,19,5,0
BRDA:431,19,6,0
BRF:45
BRH:0
end_of_record
TN:
SF:app/admin_menu.tsx
FN:25,AdminMenuScreen
FN:34,(anonymous_1)
FN:42,(anonymous_2)
FN:77,(anonymous_3)
FN:96,(anonymous_4)
FN:112,(anonymous_5)
FN:156,(anonymous_6)
FN:216,(anonymous_7)
FNF:8
FNH:0
FNDA:0,AdminMenuScreen
FNDA:0,(anonymous_1)
FNDA:0,(anonymous_2)
FNDA:0,(anonymous_3)
FNDA:0,(anonymous_4)
FNDA:0,(anonymous_5)
FNDA:0,(anonymous_6)
FNDA:0,(anonymous_7)
DA:18,0
DA:19,0
DA:20,0
DA:21,0
DA:22,0
DA:23,0
DA:26,0
DA:27,0
DA:28,0
DA:29,0
DA:30,0
DA:31,0
DA:32,0
DA:34,0
DA:35,0
DA:36,0
DA:37,0
DA:39,0
DA:42,0
DA:43,0
DA:44,0
DA:45,0
DA:47,0
DA:52,0
DA:53,0
DA:55,0
DA:56,0
DA:61,0
DA:62,0
DA:63,0
DA:65,0
DA:69,0
DA:70,0
DA:73,0
DA:77,0
DA:96,0
DA:112,0
DA:157,0
DA:217,0
DA:243,0
LF:40
LH:0
BRDA:35,0,0,0
BRDA:35,0,1,0
BRDA:55,1,0,0
BRDA:55,1,1,0
BRDA:55,2,0,0
BRDA:55,2,1,0
BRDA:62,3,0,0
BRDA:62,3,1,0
BRDA:69,4,0,0
BRDA:69,4,1,0
BRDA:83,5,0,0
BRDA:83,5,1,0
BRDA:99,6,0,0
BRDA:99,6,1,0
BRDA:105,7,0,0
BRDA:105,7,1,0
BRDA:115,8,0,0
BRDA:115,8,1,0
BRDA:121,9,0,0
BRDA:121,9,1,0
BRDA:135,10,0,0
BRDA:135,10,1,0
BRDA:140,11,0,0
BRDA:140,11,1,0
BRDA:148,12,0,0
BRDA:148,12,1,0
BRDA:149,13,0,0
BRDA:149,13,1,0
BRDA:158,14,0,0
BRDA:158,14,1,0
BRDA:175,15,0,0
BRDA:175,15,1,0
BRDA:181,16,0,0
BRDA:181,16,1,0
BRDA:184,17,0,0
BRDA:184,17,1,0
BRDA:188,18,0,0
BRDA:188,18,1,0
BRDA:197,19,0,0
BRDA:197,19,1,0
BRDA:209,20,0,0
BRDA:209,20,1,0
BRDA:223,21,0,0
BRDA:223,21,1,0
BRDA:226,22,0,0
BRDA:226,22,1,0
BRDA:226,22,2,0
BRF:47
BRH:0
end_of_record
TN:
SF:app/admin_users.tsx
FN:24,AdminUsersScreen
FN:31,(anonymous_1)
FN:39,(anonymous_2)
FN:63,(anonymous_3)
FN:103,(anonymous_4)
FN:117,(anonymous_5)
FNF:6
FNH:0
FNDA:0,AdminUsersScreen
FNDA:0,(anonymous_1)
FNDA:0,(anonymous_2)
FNDA:0,(anonymous_3)
FNDA:0,(anonymous_4)
FNDA:0,(anonymous_5)
DA:17,0
DA:18,0
DA:19,0
DA:20,0
DA:21,0
DA:22,0
DA:25,0
DA:26,0
DA:27,0
DA:28,0
DA:29,0
DA:31,0
DA:32,0
DA:33,0
DA:34,0
DA:36,0
DA:39,0
DA:40,0
DA:41,0
DA:42,0
DA:43,0
DA:44,0
DA:46,0
DA:47,0
DA:48,0
DA:50,0
DA:54,0
DA:55,0
DA:58,0
DA:63,0
DA:104,0
DA:118,0
DA:137,0
LF:33
LH:0
BRDA:32,0,0,0
BRDA:32,0,1,0
BRDA:47,1,0,0
BRDA:47,1,1,0
BRDA:54,2,0,0
BRDA:54,2,1,0
BRDA:83,3,0,0
BRDA:83,3,1,0
BRDA:88,4,0,0
BRDA:88,4,1,0
BRDA:96,5,0,0
BRDA:96,5,1,0
BRDA:110,6,0,0
BRDA:110,6,1,0
BRDA:110,7,0,0
BRDA:110,7,1,0
BRDA:111,8,0,0
BRDA:111,8,1,0
BRDA:111,9,0,0
BRDA:111,9,1,0
BRDA:115,10,0,0
BRDA:115,10,1,0
BRDA:115,10,2,0
BRF:23
BRH:0
end_of_record
TN:
SF:app/index.tsx
FN:3,Index
FNF:1
FNH:0
FNDA:0,Index
DA:4,0
LF:1
LH:0
BRF:0
BRH:0
end_of_record
TN:
SF:app/login.tsx
FN:26,LoginScreen
FN:122,(anonymous_1)
FN:174,(anonymous_2)
FN:202,(anonymous_3)
FN:227,(anonymous_4)
FN:251,(anonymous_5)
FNF:6
FNH:0
FNDA:0,LoginScreen
FNDA:0,(anonymous_1)
FNDA:0,(anonymous_2)
FNDA:0,(anonymous_3)
FNDA:0,(anonymous_4)
FNDA:0,(anonymous_5)
DA:17,0
DA:18,0
DA:19,0
DA:20,0
DA:21,0
DA:22,0
DA:23,0
DA:24,0
DA:53,0
DA:55,0
DA:122,0
DA:174,0
DA:202,0
DA:227,0
DA:251,0
DA:339,0
LF:16
LH:0
BRDA:81,0,0,0
BRDA:81,0,1,0
BRDA:87,1,0,0
BRDA:87,1,1,0
BRDA:94,2,0,0
BRDA:94,2,1,0
BRDA:99,3,0,0
BRDA:99,3,1,0
BRDA:116,4,0,0
BRDA:116,4,1,0
BRDA:116,4,2,0
BRDA:127,5,0,0
BRDA:127,5,1,0
BRDA:127,6,0,0
BRDA:127,6,1,0
BRDA:133,7,0,0
BRDA:133,7,1,0
BRDA:148,8,0,0
BRDA:148,8,1,0
BRDA:168,9,0,0
BRDA:168,9,1,0
BRDA:168,9,2,0
BRDA:178,10,0,0
BRDA:178,10,1,0
BRDA:178,11,0,0
BRDA:178,11,1,0
BRDA:186,12,0,0
BRDA:186,12,1,0
BRDA:194,13,0,0
BRDA:194,13,1,0
BRDA:194,13,2,0
BRDA:206,14,0,0
BRDA:206,14,1,0
BRDA:206,15,0,0
BRDA:206,15,1,0
BRDA:219,16,0,0
BRDA:219,16,1,0
BRDA:219,16,2,0
BRDA:230,17,0,0
BRDA:230,17,1,0
BRDA:230,18,0,0
BRDA:230,18,1,0
BRDA:243,19,0,0
BRDA:243,19,1,0
BRDA:243,19,2,0
BRDA:254,20,0,0
BRDA:254,20,1,0
BRDA:254,21,0,0
BRDA:254,21,1,0
BRDA:269,22,0,0
BRDA:269,22,1,0
BRDA:274,23,0,0
BRDA:274,23,1,0
BRDA:278,24,0,0
BRDA:278,24,1,0
BRDA:317,25,0,0
BRDA:317,25,1,0
BRF:57
BRH:0
end_of_record
TN:
SF:app/modal.tsx
FN:7,ModalScreen
FNF:1
FNH:0
FNDA:0,ModalScreen
DA:8,0
DA:18,0
LF:2
LH:0
BRF:0
BRH:0
end_of_record
TN:
SF:app/oauth-success.tsx
FN:8,OAuthSuccess
FN:13,(anonymous_1)
FN:14,(anonymous_2)
FNF:3
FNH:0
FNDA:0,OAuthSuccess
FNDA:0,(anonymous_1)
FNDA:0,(anonymous_2)
DA:9,0
DA:10,0
DA:11,0
DA:13,0
DA:14,0
DA:15,0
DA:16,0
DA:21,0
DA:22,0
DA:23,0
DA:24,0
DA:25,0
DA:28,0
DA:30,0
DA:40,0
DA:42,0
DA:43,0
DA:47,0
DA:50,0
DA:69,0
LF:20
LH:0
BRDA:21,0,0,0
BRDA:21,0,1,0
BRDA:31,1,0,0
BRDA:31,1,1,0
BRDA:32,2,0,0
BRDA:32,2,1,0
BRDA:33,3,0,0
BRDA:33,3,1,0
BRDA:34,4,0,0
BRDA:34,4,1,0
BRDA:35,5,0,0
BRDA:35,5,1,0
BRDA:53,6,0,0
BRDA:53,6,1,0
BRF:14
BRH:0
end_of_record
TN:
SF:app/order.tsx
FN:29,ExploreScreen
FN:54,(anonymous_1)
FN:55,(anonymous_2)
FN:73,(anonymous_3)
FN:83,(anonymous_4)
FN:88,(anonymous_5)
FN:99,(anonymous_6)
FN:115,(anonymous_7)
FN:123,(anonymous_8)
FN:133,(anonymous_9)
FN:153,(anonymous_10)
FN:159,(anonymous_11)
FN:168,(anonymous_12)
FN:170,(anonymous_13)
FN:255,(anonymous_14)
FN:259,(anonymous_15)
FN:275,(anonymous_16)
FN:341,(anonymous_17)
FN:350,(anonymous_18)
FN:357,(anonymous_19)
FN:362,(anonymous_20)
FN:368,(anonymous_21)
FN:373,(anonymous_22)
FN:378,(anonymous_23)
FN:383,(anonymous_24)
FN:388,(anonymous_25)
FN:394,(anonymous_26)
FN:402,(anonymous_27)
FN:437,(anonymous_28)
FN:466,(anonymous_29)
FN:618,(anonymous_30)
FN:667,(anonymous_31)
FN:682,(anonymous_32)
FN:695,(anonymous_33)
FN:706,(anonymous_34)
FNF:35
FNH:0
FNDA:0,ExploreScreen
FNDA:0,(anonymous_1)
FNDA:0,(anonymous_2)
FNDA:0,(anonymous_3)
FNDA:0,(anonymous_4)
FNDA:0,(anonymous_5)
FNDA:0,(anonymous_6)
FNDA:0,(anonymous_7)
FNDA:0,(anonymous_8)
FNDA:0,(anonymous_9)
FNDA:0,(anonymous_10)
FNDA:0,(anonymous_11)
FNDA:0,(anonymous_12)
FNDA:0,(anonymous_13)
FNDA:0,(anonymous_14)
FNDA:0,(anonymous_15)
FNDA:0,(anonymous_16)
FNDA:0,(anonymous_17)
FNDA:0,(anonymous_18)
FNDA:0,(anonymous_19)
FNDA:0,(anonymous_20)
FNDA:0,(anonymous_21)
FNDA:0,(anonymous_22)
FNDA:0,(anonymous_23)
FNDA:0,(anonymous_24)
FNDA:0,(anonymous_25)
FNDA:0,(anonymous_26)
FNDA:0,(anonymous_27)
FNDA:0,(anonymous_28)
FNDA:0,(anonymous_29)
FNDA:0,(anonymous_30)
FNDA:0,(anonymous_31)
FNDA:0,(anonymous_32)
FNDA:0,(anonymous_33)
FNDA:0,(anonymous_34)
DA:23,0
DA:24,0
DA:25,0
DA:26,0
DA:27,0
DA:30,0
DA:31,0
DA:32,0
DA:33,0
DA:34,0
DA:35,0
DA:37,0
DA:38,0
DA:39,0
DA:40,0
DA:41,0
DA:42,0
DA:43,0
DA:44,0
DA:45,0
DA:48,0
DA:49,0
DA:50,0
DA:51,0
DA:54,0
DA:55,0
DA:56,0
DA:57,0
DA:58,0
DA:59,0
DA:60,0
DA:61,0
DA:63,0
DA:64,0
DA:66,0
DA:70,0
DA:73,0
DA:74,0
DA:75,0
DA:76,0
DA:77,0
DA:79,0
DA:83,0
DA:84,0
DA:85,0
DA:88,0
DA:89,0
DA:90,0
DA:93,0
DA:94,0
DA:99,0
DA:102,0
DA:105,0
DA:106,0
DA:107,0
DA:109,0
DA:110,0
DA:111,0
DA:112,0
DA:115,0
DA:117,0
DA:119,0
DA:120,0
DA:123,0
DA:125,0
DA:127,0
DA:128,0
DA:130,0
DA:133,0
DA:134,0
DA:135,0
DA:136,0
DA:138,0
DA:139,0
DA:140,0
DA:142,0
DA:143,0
DA:144,0
DA:146,0
DA:147,0
DA:148,0
DA:150,0
DA:153,0
DA:154,0
DA:155,0
DA:156,0
DA:159,0
DA:160,0
DA:161,0
DA:162,0
DA:163,0
DA:165,0
DA:168,0
DA:170,0
DA:172,0
DA:173,0
DA:174,0
DA:176,0
DA:177,0
DA:178,0
DA:181,0
DA:182,0
DA:183,0
DA:184,0
DA:187,0
DA:188,0
DA:191,0
DA:192,0
DA:193,0
DA:195,0
DA:196,0
DA:199,0
DA:210,0
DA:212,0
DA:213,0
DA:216,0
DA:219,0
DA:238,0
DA:240,0
DA:241,0
DA:242,0
DA:243,0
DA:245,0
DA:248,0
DA:249,0
DA:251,0
DA:255,0
DA:256,0
DA:259,0
DA:261,0
DA:263,0
DA:276,0
DA:277,0
DA:342,0
DA:343,0
DA:351,0
DA:352,0
DA:357,0
DA:362,0
DA:368,0
DA:373,0
DA:378,0
DA:383,0
DA:388,0
DA:395,0
DA:396,0
DA:402,0
DA:438,0
DA:466,0
DA:618,0
DA:667,0
DA:682,0
DA:695,0
DA:706,0
DA:736,0
LF:155
LH:0
BRDA:32,0,0,0
BRDA:32,0,1,0
BRDA:93,1,0,0
BRDA:93,1,1,0
BRDA:119,2,0,0
BRDA:119,2,1,0
BRDA:127,3,0,0
BRDA:127,3,1,0
BRDA:134,4,0,0
BRDA:134,4,1,0
BRDA:138,5,0,0
BRDA:138,5,1,0
BRDA:142,6,0,0
BRDA:142,6,1,0
BRDA:146,7,0,0
BRDA:146,7,1,0
BRDA:160,8,0,0
BRDA:160,8,1,0
BRDA:176,9,0,0
BRDA:176,9,1,0
BRDA:181,10,0,0
BRDA:181,10,1,0
BRDA:187,11,0,0
BRDA:187,11,1,0
BRDA:193,12,0,0
BRDA:193,12,1,0
BRDA:212,13,0,0
BRDA:212,13,1,0
BRDA:213,14,0,0
BRDA:213,14,1,0
BRDA:228,15,0,0
BRDA:228,15,1,0
BRDA:240,16,0,0
BRDA:240,16,1,0
BRDA:245,17,0,0
BRDA:245,17,1,0
BRDA:249,18,0,0
BRDA:249,18,1,0
BRDA:261,19,0,0
BRDA:261,19,1,0
BRDA:261,20,0,0
BRDA:261,20,1,0
BRDA:272,21,0,0
BRDA:272,21,1,0
BRDA:284,22,0,0
BRDA:284,22,1,0
BRDA:287,23,0,0
BRDA:287,23,1,0
BRDA:295,24,0,0
BRDA:295,24,1,0
BRDA:303,25,0,0
BRDA:303,25,1,0
BRDA:309,26,0,0
BRDA:309,26,1,0
BRDA:311,27,0,0
BRDA:311,27,1,0
BRDA:319,28,0,0
BRDA:319,28,1,0
BRDA:332,29,0,0
BRDA:332,29,1,0
BRDA:336,30,0,0
BRDA:336,30,1,0
BRDA:393,31,0,0
BRDA:393,31,1,0
BRDA:426,32,0,0
BRDA:426,32,1,0
BRDA:431,33,0,0
BRDA:431,33,1,0
BRDA:445,34,0,0
BRDA:445,34,1,0
BRDA:453,35,0,0
BRDA:453,35,1,0
BRDA:453,35,2,0
BRDA:455,36,0,0
BRDA:455,36,1,0
BRDA:455,37,0,0
BRDA:455,37,1,0
BRDA:455,38,0,0
BRDA:455,38,1,0
BRDA:455,39,0,0
BRDA:455,39,1,0
BRDA:464,40,0,0
BRDA:464,40,1,0
BRDA:470,41,0,0
BRDA:470,41,1,0
BRDA:490,42,0,0
BRDA:490,42,1,0
BRDA:490,42,2,0
BRDA:504,43,0,0
BRDA:504,43,1,0
BRDA:504,43,2,0
BRDA:508,44,0,0
BRDA:508,44,1,0
BRDA:508,45,0,0
BRDA:508,45,1,0
BRDA:508,46,0,0
BRDA:508,46,1,0
BRDA:508,47,0,0
BRDA:508,47,1,0
BRDA:563,48,0,0
BRDA:563,48,1,0
BRDA:584,49,0,0
BRDA:584,49,1,0
BRDA:590,50,0,0
BRDA:590,50,1,0
BRDA:715,51,0,0
BRDA:715,51,1,0
BRDA:720,52,0,0
BRDA:720,52,1,0
BRDA:794,53,0,0
BRDA:794,53,1,0
BRDA:1173,54,0,0
BRDA:1173,54,1,0
BRF:113
BRH:0
end_of_record
TN:
SF:app/(tabs)/_layout.tsx
FN:12,TabLayout
FN:57,(anonymous_1)
FN:72,(anonymous_2)
FN:81,(anonymous_3)
FN:90,(anonymous_4)
FN:99,(anonymous_5)
FNF:6
FNH:0
FNDA:0,TabLayout
FNDA:0,(anonymous_1)
FNDA:0,(anonymous_2)
FNDA:0,(anonymous_3)
FNDA:0,(anonymous_4)
FNDA:0,(anonymous_5)
DA:13,0
DA:14,0
DA:15,0
DA:17,0
DA:19,0
DA:58,0
DA:73,0
DA:82,0
DA:91,0
DA:100,0
LF:10
LH:0
BRDA:22,0,0,0
BRDA:22,0,1,0
BRDA:30,1,0,0
BRDA:30,1,1,0
BRDA:38,2,0,0
BRDA:38,2,1,0
BRDA:39,3,0,0
BRDA:39,3,1,0
BRDA:40,4,0,0
BRDA:40,4,1,0
BRDA:41,5,0,0
BRDA:41,5,1,0
BRDA:46,6,0,0
BRDA:46,6,1,0
BRDA:49,7,0,0
BRDA:49,7,1,0
BRDA:102,8,0,0
BRDA:102,8,1,0
BRDA:102,9,0,0
BRDA:102,9,1,0
BRF:20
BRH:0
end_of_record
TN:
SF:app/(tabs)/about.tsx
FN:23,AboutScreen
FN:31,(anonymous_1)
FN:40,(anonymous_2)
FN:62,(anonymous_3)
FN:132,(anonymous_4)
FN:137,(anonymous_5)
FN:142,(anonymous_6)
FN:150,(anonymous_7)
FN:158,(anonymous_8)
FN:166,(anonymous_9)
FN:174,(anonymous_10)
FN:182,(anonymous_11)
FN:195,(anonymous_12)
FN:210,(anonymous_13)
FN:305,(anonymous_14)
FNF:15
FNH:0
FNDA:0,AboutScreen
FNDA:0,(anonymous_1)
FNDA:0,(anonymous_2)
FNDA:0,(anonymous_3)
FNDA:0,(anonymous_4)
FNDA:0,(anonymous_5)
FNDA:0,(anonymous_6)
FNDA:0,(anonymous_7)
FNDA:0,(anonymous_8)
FNDA:0,(anonymous_9)
FNDA:0,(anonymous_10)
FNDA:0,(anonymous_11)
FNDA:0,(anonymous_12)
FNDA:0,(anonymous_13)
FNDA:0,(anonymous_14)
DA:17,0
DA:18,0
DA:19,0
DA:20,0
DA:21,0
DA:24,0
DA:25,0
DA:26,0
DA:27,0
DA:28,0
DA:29,0
DA:31,0
DA:32,0
DA:33,0
DA:35,0
DA:36,0
DA:40,0
DA:41,0
DA:42,0
DA:45,0
DA:63,0
DA:64,0
DA:132,0
DA:137,0
DA:142,0
DA:150,0
DA:158,0
DA:166,0
DA:174,0
DA:182,0
DA:196,0
DA:197,0
DA:210,0
DA:306,0
DA:413,0
DA:432,0
LF:36
LH:0
BRDA:50,0,0,0
BRDA:50,0,1,0
BRDA:60,1,0,0
BRDA:60,1,1,0
BRDA:72,2,0,0
BRDA:72,2,1,0
BRDA:76,3,0,0
BRDA:76,3,1,0
BRDA:89,4,0,0
BRDA:89,4,1,0
BRDA:100,5,0,0
BRDA:100,5,1,0
BRDA:107,6,0,0
BRDA:107,6,1,0
BRDA:109,7,0,0
BRDA:109,7,1,0
BRDA:117,8,0,0
BRDA:117,8,1,0
BRDA:192,9,0,0
BRDA:192,9,1,0
BRDA:225,10,0,0
BRDA:225,10,1,0
BRDA:226,11,0,0
BRDA:226,11,1,0
BRDA:233,12,0,0
BRDA:233,12,1,0
BRDA:234,13,0,0
BRDA:234,13,1,0
BRDA:238,14,0,0
BRDA:238,14,1,0
BRDA:242,15,0,0
BRDA:242,15,1,0
BRDA:262,16,0,0
BRDA:262,16,1,0
BRDA:263,17,0,0
BRDA:263,17,1,0
BRDA:291,18,0,0
BRDA:291,18,1,0
BRDA:294,19,0,0
BRDA:294,19,1,0
BRDA:302,20,0,0
BRDA:302,20,1,0
BRDA:310,21,0,0
BRDA:310,21,1,0
BRDA:310,22,0,0
BRDA:310,22,1,0
BRDA:320,23,0,0
BRDA:320,23,1,0
BRDA:334,24,0,0
BRDA:334,24,1,0
BRDA:335,25,0,0
BRDA:335,25,1,0
BRDA:339,26,0,0
BRDA:339,26,1,0
BRDA:347,27,0,0
BRDA:347,27,1,0
BRDA:349,28,0,0
BRDA:349,28,1,0
BRDA:354,29,0,0
BRDA:354,29,1,0
BRDA:369,30,0,0
BRDA:369,30,1,0
BRDA:370,31,0,0
BRDA:370,31,1,0
BRDA:374,32,0,0
BRDA:374,32,1,0
BRDA:383,33,0,0
BRDA:383,33,1,0
BRDA:385,34,0,0
BRDA:385,34,1,0
BRDA:390,35,0,0
BRDA:390,35,1,0
BRF:72
BRH:0
end_of_record
TN:
SF:app/(tabs)/admin.tsx
FN:22,AdminScreen
FN:37,(anonymous_1)
FN:39,(anonymous_2)
FN:42,(anonymous_3)
FN:47,(anonymous_4)
FN:50,(anonymous_5)
FN:70,(anonymous_6)
FN:76,(anonymous_7)
FN:112,(anonymous_8)
FN:128,(anonymous_9)
FN:133,(anonymous_10)
FN:141,(anonymous_11)
FN:152,(anonymous_12)
FN:163,(anonymous_13)
FN:174,(anonymous_14)
FN:183,(anonymous_15)
FN:188,(anonymous_16)
FN:259,(anonymous_17)
FN:273,(anonymous_18)
FN:285,(anonymous_19)
FN:291,(anonymous_20)
FN:309,(anonymous_21)
FN:313,(anonymous_22)
FN:349,(anonymous_23)
FN:353,(anonymous_24)
FN:373,(anonymous_25)
FN:377,(anonymous_26)
FN:397,(anonymous_27)
FN:401,(anonymous_28)
FN:421,(anonymous_29)
FN:425,(anonymous_30)
FN:446,(anonymous_31)
FN:450,(anonymous_32)
FNF:33
FNH:0
FNDA:0,AdminScreen
FNDA:0,(anonymous_1)
FNDA:0,(anonymous_2)
FNDA:0,(anonymous_3)
FNDA:0,(anonymous_4)
FNDA:0,(anonymous_5)
FNDA:0,(anonymous_6)
FNDA:0,(anonymous_7)
FNDA:0,(anonymous_8)
FNDA:0,(anonymous_9)
FNDA:0,(anonymous_10)
FNDA:0,(anonymous_11)
FNDA:0,(anonymous_12)
FNDA:0,(anonymous_13)
FNDA:0,(anonymous_14)
FNDA:0,(anonymous_15)
FNDA:0,(anonymous_16)
FNDA:0,(anonymous_17)
FNDA:0,(anonymous_18)
FNDA:0,(anonymous_19)
FNDA:0,(anonymous_20)
FNDA:0,(anonymous_21)
FNDA:0,(anonymous_22)
FNDA:0,(anonymous_23)
FNDA:0,(anonymous_24)
FNDA:0,(anonymous_25)
FNDA:0,(anonymous_26)
FNDA:0,(anonymous_27)
FNDA:0,(anonymous_28)
FNDA:0,(anonymous_29)
FNDA:0,(anonymous_30)
FNDA:0,(anonymous_31)
FNDA:0,(anonymous_32)
DA:15,0
DA:16,0
DA:17,0
DA:18,0
DA:19,0
DA:20,0
DA:23,0
DA:24,0
DA:25,0
DA:26,0
DA:27,0
DA:34,0
DA:35,0
DA:37,0
DA:38,0
DA:39,0
DA:40,0
DA:42,0
DA:47,0
DA:48,0
DA:50,0
DA:51,0
DA:52,0
DA:53,0
DA:57,0
DA:58,0
DA:60,0
DA:61,0
DA:63,0
DA:67,0
DA:70,0
DA:74,0
DA:75,0
DA:76,0
DA:77,0
DA:79,0
DA:81,0
DA:82,0
DA:84,0
DA:85,0
DA:89,0
DA:90,0
DA:106,0
DA:112,0
DA:128,0
DA:133,0
DA:142,0
DA:143,0
DA:153,0
DA:164,0
DA:165,0
DA:175,0
DA:176,0
DA:183,0
DA:188,0
DA:260,0
DA:274,0
DA:285,0
DA:291,0
DA:309,0
DA:349,0
DA:354,0
DA:373,0
DA:378,0
DA:397,0
DA:421,0
DA:446,0
DA:450,0
DA:467,0
LF:69
LH:0
BRDA:38,0,0,0
BRDA:38,0,1,0
BRDA:48,1,0,0
BRDA:48,1,1,0
BRDA:61,2,0,0
BRDA:61,2,1,0
BRDA:77,3,0,0
BRDA:77,3,1,0
BRDA:85,4,0,0
BRDA:85,4,1,0
BRDA:89,5,0,0
BRDA:89,5,1,0
BRDA:109,6,0,0
BRDA:109,6,1,0
BRDA:125,7,0,0
BRDA:125,7,1,0
BRDA:125,7,2,0
BRDA:249,8,0,0
BRDA:249,8,1,0
BRDA:253,9,0,0
BRDA:253,9,1,0
BRDA:253,9,2,0
BRDA:275,10,0,0
BRDA:275,10,1,0
BRDA:281,11,0,0
BRDA:281,11,1,0
BRDA:311,12,0,0
BRDA:311,12,1,0
BRDA:351,13,0,0
BRDA:351,13,1,0
BRDA:375,14,0,0
BRDA:375,14,1,0
BRDA:399,15,0,0
BRDA:399,15,1,0
BRDA:423,16,0,0
BRDA:423,16,1,0
BRDA:448,17,0,0
BRDA:448,17,1,0
BRDA:561,18,0,0
BRDA:561,18,1,0
BRF:40
BRH:0
end_of_record
TN:
SF:app/(tabs)/contact.tsx
FN:23,ContactScreen
FN:31,(anonymous_1)
FN:38,(anonymous_2)
FN:60,(anonymous_3)
FN:124,(anonymous_4)
FN:129,(anonymous_5)
FN:134,(anonymous_6)
FN:140,(anonymous_7)
FN:145,(anonymous_8)
FN:150,(anonymous_9)
FN:155,(anonymous_10)
FN:160,(anonymous_11)
FN:166,(anonymous_12)
FN:174,(anonymous_13)
FNF:14
FNH:0
FNDA:0,ContactScreen
FNDA:0,(anonymous_1)
FNDA:0,(anonymous_2)
FNDA:0,(anonymous_3)
FNDA:0,(anonymous_4)
FNDA:0,(anonymous_5)
FNDA:0,(anonymous_6)
FNDA:0,(anonymous_7)
FNDA:0,(anonymous_8)
FNDA:0,(anonymous_9)
FNDA:0,(anonymous_10)
FNDA:0,(anonymous_11)
FNDA:0,(anonymous_12)
FNDA:0,(anonymous_13)
DA:17,0
DA:18,0
DA:19,0
DA:20,0
DA:21,0
DA:24,0
DA:25,0
DA:26,0
DA:27,0
DA:28,0
DA:29,0
DA:31,0
DA:32,0
DA:33,0
DA:35,0
DA:38,0
DA:39,0
DA:40,0
DA:43,0
DA:61,0
DA:62,0
DA:124,0
DA:129,0
DA:134,0
DA:140,0
DA:145,0
DA:150,0
DA:155,0
DA:160,0
DA:167,0
DA:168,0
DA:174,0
DA:391,0
LF:33
LH:0
BRDA:48,0,0,0
BRDA:48,0,1,0
BRDA:58,1,0,0
BRDA:58,1,1,0
BRDA:70,2,0,0
BRDA:70,2,1,0
BRDA:73,3,0,0
BRDA:73,3,1,0
BRDA:81,4,0,0
BRDA:81,4,1,0
BRDA:93,5,0,0
BRDA:93,5,1,0
BRDA:101,6,0,0
BRDA:101,6,1,0
BRDA:103,7,0,0
BRDA:103,7,1,0
BRDA:110,8,0,0
BRDA:110,8,1,0
BRDA:165,9,0,0
BRDA:165,9,1,0
BRDA:188,10,0,0
BRDA:188,10,1,0
BRDA:200,11,0,0
BRDA:200,11,1,0
BRDA:206,12,0,0
BRDA:206,12,1,0
BRDA:219,13,0,0
BRDA:219,13,1,0
BRDA:243,14,0,0
BRDA:243,14,1,0
BRDA:257,15,0,0
BRDA:257,15,1,0
BRDA:271,16,0,0
BRDA:271,16,1,0
BRDA:284,17,0,0
BRDA:284,17,1,0
BRDA:317,18,0,0
BRDA:317,18,1,0
BRDA:332,19,0,0
BRDA:332,19,1,0
BRF:40
BRH:0
end_of_record
TN:
SF:app/(tabs)/explore.tsx
FN:14,TabTwoScreen
FN:18,(anonymous_1)
FNF:2
FNH:0
FNDA:0,TabTwoScreen
FNDA:0,(anonymous_1)
DA:15,0
DA:16,0
DA:18,0
DA:19,0
DA:20,0
DA:22,0
DA:25,0
DA:126,0
LF:8
LH:0
BRDA:37,0,0,0
BRDA:37,0,1,0
BRF:2
BRH:0
end_of_record
TN:
SF:app/(tabs)/faq.tsx
FN:79,FaqScreen
FN:89,(anonymous_1)
FN:96,(anonymous_2)
FN:101,(anonymous_3)
FN:103,(anonymous_4)
FN:103,(anonymous_5)
FN:107,(anonymous_6)
FN:109,(anonymous_7)
FN:128,(anonymous_8)
FN:190,(anonymous_9)
FN:195,(anonymous_10)
FN:200,(anonymous_11)
FN:206,(anonymous_12)
FN:211,(anonymous_13)
FN:216,(anonymous_14)
FN:221,(anonymous_15)
FN:226,(anonymous_16)
FN:232,(anonymous_17)
FN:240,(anonymous_18)
FN:276,(anonymous_19)
FN:280,(anonymous_20)
FN:284,(anonymous_21)
FN:297,(anonymous_22)
FN:303,(anonymous_23)
FN:336,categoryEmoji
FNF:25
FNH:0
FNDA:0,FaqScreen
FNDA:0,(anonymous_1)
FNDA:0,(anonymous_2)
FNDA:0,(anonymous_3)
FNDA:0,(anonymous_4)
FNDA:0,(anonymous_5)
FNDA:0,(anonymous_6)
FNDA:0,(anonymous_7)
FNDA:0,(anonymous_8)
FNDA:0,(anonymous_9)
FNDA:0,(anonymous_10)
FNDA:0,(anonymous_11)
FNDA:0,(anonymous_12)
FNDA:0,(anonymous_13)
FNDA:0,(anonymous_14)
FNDA:0,(anonymous_15)
FNDA:0,(anonymous_16)
FNDA:0,(anonymous_17)
FNDA:0,(anonymous_18)
FNDA:0,(anonymous_19)
FNDA:0,(anonymous_20)
FNDA:0,(anonymous_21)
FNDA:0,(anonymous_22)
FNDA:0,(anonymous_23)
FNDA:0,categoryEmoji
DA:19,0
DA:20,0
DA:21,0
DA:22,0
DA:23,0
DA:31,0
DA:80,0
DA:81,0
DA:82,0
DA:83,0
DA:84,0
DA:85,0
DA:86,0
DA:87,0
DA:89,0
DA:90,0
DA:91,0
DA:93,0
DA:96,0
DA:97,0
DA:98,0
DA:101,0
DA:102,0
DA:103,0
DA:104,0
DA:107,0
DA:108,0
DA:109,0
DA:110,0
DA:111,0
DA:112,0
DA:116,0
DA:129,0
DA:130,0
DA:190,0
DA:195,0
DA:200,0
DA:206,0
DA:211,0
DA:216,0
DA:221,0
DA:226,0
DA:233,0
DA:234,0
DA:240,0
DA:276,0
DA:281,0
DA:284,0
DA:298,0
DA:304,0
DA:337,0
DA:338,0
DA:339,0
DA:340,0
DA:341,0
DA:342,0
DA:343,0
DA:344,0
DA:345,0
DA:346,0
DA:350,0
LF:61
LH:0
BRDA:110,0,0,0
BRDA:110,0,1,0
BRDA:110,0,2,0
BRDA:111,1,0,0
BRDA:111,1,1,0
BRDA:112,2,0,0
BRDA:112,2,1,0
BRDA:126,3,0,0
BRDA:126,3,1,0
BRDA:138,4,0,0
BRDA:138,4,1,0
BRDA:141,5,0,0
BRDA:141,5,1,0
BRDA:149,6,0,0
BRDA:149,6,1,0
BRDA:157,7,0,0
BRDA:157,7,1,0
BRDA:163,8,0,0
BRDA:163,8,1,0
BRDA:167,9,0,0
BRDA:167,9,1,0
BRDA:169,10,0,0
BRDA:169,10,1,0
BRDA:176,11,0,0
BRDA:176,11,1,0
BRDA:231,12,0,0
BRDA:231,12,1,0
BRDA:251,13,0,0
BRDA:251,13,1,0
BRDA:252,14,0,0
BRDA:252,14,1,0
BRDA:269,15,0,0
BRDA:269,15,1,0
BRDA:269,16,0,0
BRDA:269,16,1,0
BRDA:275,17,0,0
BRDA:275,17,1,0
BRDA:278,18,0,0
BRDA:278,18,1,0
BRDA:283,19,0,0
BRDA:283,19,1,0
BRDA:284,20,0,0
BRDA:284,20,1,0
BRDA:286,21,0,0
BRDA:286,21,1,0
BRDA:301,22,0,0
BRDA:301,22,1,0
BRDA:311,23,0,0
BRDA:311,23,1,0
BRDA:337,24,0,0
BRDA:337,24,1,0
BRDA:337,24,2,0
BRDA:337,24,3,0
BRDA:337,24,4,0
BRDA:337,24,5,0
BRDA:337,24,6,0
BRDA:337,24,7,0
BRDA:337,24,8,0
BRF:58
BRH:0
end_of_record
TN:
SF:app/(tabs)/index.tsx
FN:20,HomeScreen
FN:28,(anonymous_1)
FN:44,(anonymous_2)
FN:54,(anonymous_3)
FN:75,(anonymous_4)
FN:122,(anonymous_5)
FN:128,(anonymous_6)
FN:135,(anonymous_7)
FN:140,(anonymous_8)
FN:148,(anonymous_9)
FN:156,(anonymous_10)
FN:164,(anonymous_11)
FN:172,(anonymous_12)
FN:180,(anonymous_13)
FN:193,(anonymous_14)
FN:208,(anonymous_15)
FNF:16
FNH:0
FNDA:0,HomeScreen
FNDA:0,(anonymous_1)
FNDA:0,(anonymous_2)
FNDA:0,(anonymous_3)
FNDA:0,(anonymous_4)
FNDA:0,(anonymous_5)
FNDA:0,(anonymous_6)
FNDA:0,(anonymous_7)
FNDA:0,(anonymous_8)
FNDA:0,(anonymous_9)
FNDA:0,(anonymous_10)
FNDA:0,(anonymous_11)
FNDA:0,(anonymous_12)
FNDA:0,(anonymous_13)
FNDA:0,(anonymous_14)
FNDA:0,(anonymous_15)
DA:21,0
DA:22,0
DA:23,0
DA:24,0
DA:25,0
DA:26,0
DA:28,0
DA:29,0
DA:31,0
DA:32,0
DA:34,0
DA:37,0
DA:38,0
DA:40,0
DA:44,0
DA:45,0
DA:46,0
DA:47,0
DA:48,0
DA:50,0
DA:54,0
DA:55,0
DA:56,0
DA:59,0
DA:76,0
DA:77,0
DA:122,0
DA:129,0
DA:130,0
DA:135,0
DA:140,0
DA:148,0
DA:156,0
DA:164,0
DA:172,0
DA:180,0
DA:194,0
DA:195,0
DA:208,0
DA:280,0
DA:281,0
DA:282,0
DA:283,0
DA:284,0
DA:286,0
LF:45
LH:0
BRDA:28,0,0,0
BRDA:72,1,0,0
BRDA:72,1,1,0
BRDA:102,2,0,0
BRDA:102,2,1,0
BRDA:190,3,0,0
BRDA:190,3,1,0
BRDA:223,4,0,0
BRDA:223,4,1,0
BRDA:227,5,0,0
BRDA:227,5,1,0
BRDA:229,6,0,0
BRDA:229,6,1,0
BRDA:233,7,0,0
BRDA:233,7,1,0
BRDA:250,8,0,0
BRDA:250,8,1,0
BRDA:274,9,0,0
BRDA:274,9,1,0
BRDA:290,10,0,0
BRDA:290,10,1,0
BRDA:354,11,0,0
BRDA:354,11,1,0
BRF:23
BRH:0
end_of_record
TN:
SF:app/oauth/callback.tsx
FN:6,OAuthCallback
FN:10,(anonymous_1)
FN:14,(anonymous_2)
FNF:3
FNH:0
FNDA:0,OAuthCallback
FNDA:0,(anonymous_1)
FNDA:0,(anonymous_2)
DA:7,0
DA:8,0
DA:10,0
DA:11,0
DA:14,0
DA:15,0
DA:19,0
DA:21,0
DA:22,0
DA:25,0
DA:27,0
DA:28,0
DA:29,0
DA:30,0
DA:33,0
DA:35,0
DA:36,0
DA:38,0
DA:39,0
DA:40,0
DA:41,0
DA:43,0
DA:44,0
DA:47,0
DA:48,0
DA:54,0
LF:26
LH:0
BRDA:19,0,0,0
BRDA:19,0,1,0
BRDA:27,1,0,0
BRDA:27,1,1,0
BRDA:33,2,0,0
BRDA:33,2,1,0
BRDA:35,3,0,0
BRDA:35,3,1,0
BRDA:40,4,0,0
BRDA:40,4,1,0
BRF:10
BRH:0
end_of_record
